#
# A fatal error has been detected by the Java Runtime Environment:
#
#  EXCEPTION_ACCESS_VIOLATION (0xc0000005) at pc=0x00007ff929f2b536, pid=12812, tid=756
#
# JRE version: OpenJDK Runtime Environment Temurin-25.0.1+8 (25.0.1+8) (build 25.0.1+8-LTS)
# Java VM: OpenJDK 64-Bit Server VM Temurin-25.0.1+8 (25.0.1+8-LTS, mixed mode, sharing, tiered, compressed oops, compressed class ptrs, g1 gc, windows-amd64)
# Problematic frame:
# C  [awt.dll+0xdb536]
#
# No core dump will be written. Minidumps are not enabled by default on client versions of Windows
#
# If you would like to submit a bug report, please visit:
#   https://github.com/adoptium/adoptium-support/issues
# The crash happened outside the Java Virtual Machine in native code.
# See problematic frame for where to report the bug.
#

---------------  S U M M A R Y ------------

Command Line: -Dfile.encoding=UTF-8 --module-path=C:\Users\lab_services_student\Documents\NetBeansProjects\Login\build\classes Main

Host: Intel(R) Xeon(R) Platinum 8370C CPU @ 2.80GHz, 2 cores, 7G,  Windows 11 , 64 bit Build 26100 (10.0.26100.7920)
Time: Wed May 20 19:10:17 2026 South Africa Standard Time elapsed time: 883.280223 seconds (0d 0h 14m 43s)

---------------  T H R E A D  ---------------

Current thread (0x000002395586d950):  JavaThread "AWT-EventQueue-0"        [_thread_in_native, id=756, stack(0x000000bb87600000,0x000000bb87700000) (1024K)]

Stack: [0x000000bb87600000,0x000000bb87700000],  sp=0x000000bb876fef30,  free space=1019k
Native frames: (J=compiled Java code, j=interpreted, Vv=VM code, C=native code)
C  [awt.dll+0xdb536]  (no source info available)
C  [awt.dll+0xdcd92]  (no source info available)
C  0x0000023944b7d293  (no source info available)

The last pc belongs to native method entry point (kind = native) (printed below).
Java frames: (J=compiled Java code, j=interpreted, Vv=VM code)
j  sun.awt.Win32GraphicsDevice.initNativeScale(I)V+0 java.desktop@25.0.1
j  sun.awt.Win32GraphicsDevice.initScaleFactors()V+60 java.desktop@25.0.1
j  sun.awt.Win32GraphicsDevice.displayChanged()V+16 java.desktop@25.0.1
j  sun.awt.Win32GraphicsEnvironment.displayChanged()V+271 java.desktop@25.0.1
j  sun.awt.windows.WToolkit.lambda$displayChanged$0()V+15 java.desktop@25.0.1
j  sun.awt.windows.WToolkit$$Lambda+0x00000000190e9aa8.run()V+0 java.desktop@25.0.1
j  java.awt.event.InvocationEvent.dispatch()V+47 java.desktop@25.0.1
j  java.awt.EventQueue.dispatchEventImpl(Ljava/awt/AWTEvent;Ljava/lang/Object;)V+21 java.desktop@25.0.1
j  java.awt.EventQueue.dispatchEvent(Ljava/awt/AWTEvent;)V+22 java.desktop@25.0.1
j  java.awt.EventDispatchThread.pumpOneEventForFilters(I)V+81 java.desktop@25.0.1
j  java.awt.EventDispatchThread.pumpEventsForFilter(ILjava/awt/Conditional;Ljava/awt/EventFilter;)V+35 java.desktop@25.0.1
j  java.awt.EventDispatchThread.pumpEventsForFilter(Ljava/awt/Conditional;Ljava/awt/EventFilter;)V+4 java.desktop@25.0.1
j  java.awt.WaitDispatchSupport$2.run()V+59 java.desktop@25.0.1
j  java.awt.event.InvocationEvent.dispatch()V+47 java.desktop@25.0.1
j  java.awt.EventQueue.dispatchEventImpl(Ljava/awt/AWTEvent;Ljava/lang/Object;)V+21 java.desktop@25.0.1
j  java.awt.EventQueue.dispatchEvent(Ljava/awt/AWTEvent;)V+22 java.desktop@25.0.1
j  java.awt.EventDispatchThread.pumpOneEventForFilters(I)V+81 java.desktop@25.0.1
j  java.awt.EventDispatchThread.pumpEventsForFilter(ILjava/awt/Conditional;Ljava/awt/EventFilter;)V+35 java.desktop@25.0.1
j  java.awt.EventDispatchThread.pumpEventsForHierarchy(ILjava/awt/Conditional;Ljava/awt/Component;)V+11 java.desktop@25.0.1
j  java.awt.EventDispatchThread.pumpEvents(ILjava/awt/Conditional;)V+4 java.desktop@25.0.1
j  java.awt.EventDispatchThread.pumpEvents(Ljava/awt/Conditional;)V+3 java.desktop@25.0.1
j  java.awt.EventDispatchThread.run()V+9 java.desktop@25.0.1
v  ~StubRoutines::call_stub 0x0000023944b712ed

siginfo: EXCEPTION_ACCESS_VIOLATION (0xc0000005), reading address 0x0000656b6f766eb9


Registers:
RAX=0x0000656b6f766e69, RBX=0x0000023955934300, RCX=0x0000656b6f766e69, RDX=0x0000000000000000
RSP=0x000000bb876fef30, RBP=0x000000bb876ff008, RSI=0x0000000000000045, RDI=0x0000000000000000
R8 =0x0000000000000001, R9 =0x000000bb85df5000, R10=0x0000023944b7d333, R11=0x0000000000000100
R12=0x0000000000000000, R13=0x00000239515daef8, R14=0x000000bb876ff030, R15=0x000002395586d950
RIP=0x00007ff929f2b536, EFLAGS=0x0000000000010206

XMM[0]=0x0000000000000000 0x0000000000000000
XMM[1]=0x0000000000000000 0x00000000bf800000
XMM[2]=0x0000000000000000 0x0000000000000000
XMM[3]=0x0000000000000000 0x0000000000000000
XMM[4]=0x0000000000000000 0x0000000000000000
XMM[5]=0x00000000182b3cf0 0x00000000182b3bf8
XMM[6]=0x0000000000000000 0xbfe1e3779b97f4a8
XMM[7]=0x0000000000000000 0xbff1e3779b97f4a8
XMM[8]=0x0000000000000000 0xc008f1bbcdcbfa54
XMM[9]=0x0000000000000000 0x3ff8f1bbcdcbfa54
XMM[10]=0x0000000000000000 0x0000000000000000
XMM[11]=0x0000000000000000 0x0000000000000000
XMM[12]=0x0000000000000000 0x0000000000000000
XMM[13]=0x0000000000000000 0x0000000000000000
XMM[14]=0x0000000000000000 0x0000000000000000
XMM[15]=0x0000000000000000 0x0000000000000000
  MXCSR=0x00001fa2


Register to memory mapping:

RAX=0x0000656b6f766e69 is an unknown value
RBX=0x0000023955934300 points into unknown readable memory: 0x0000023955644910 | 10 49 64 55 39 02 00 00
RCX=0x0000656b6f766e69 is an unknown value
RDX=0x0 is null
RSP=0x000000bb876fef30 is pointing into the stack for thread: 0x000002395586d950
RBP=0x000000bb876ff008 is pointing into the stack for thread: 0x000002395586d950
RSI=0x0000000000000045 is an unknown value
RDI=0x0 is null
R8 =0x0000000000000001 is an unknown value
R9 =0x000000bb85df5000 points into unknown readable memory: 0x0000000000000000 | 00 00 00 00 00 00 00 00
R10=0x0000023944b7d333 is at code_begin+1139 in an Interpreter codelet
native method entry point (kind = native)  [0x0000023944b7cec0, 0x0000023944b7dac0]  3072 bytes
R11=0x0000000000000100 is an unknown value
R12=0x0 is null
R13={method} {0x00000239515daf00} 'initNativeScale' '(I)V' in 'sun/awt/Win32GraphicsDevice'
R14=0x000000bb876ff030 is pointing into the stack for thread: 0x000002395586d950
R15=0x000002395586d950 is a thread

Top of Stack: (sp=0x000000bb876fef30)
0x000000bb876fef30:   0000023955934300 000000000000000a   .C.U9...........
0x000000bb876fef40:   000000bb876fef60 0000023955934300   `.o......C.U9...
0x000000bb876fef50:   0000023955934300 00007ff929f2cd92   .C.U9......)....
0x000000bb876fef60:   00007ff929f89838 00000239515daef8   8..)......]Q9...
0x000000bb876fef70:   000000bb876ff088 0000023944b88af9   ..o........D9...
0x000000bb876fef80:   0000023944b78cb2 0000023944b7d293   ...D9......D9...
0x000000bb876fef90:   00000239515daef8 000000bb876ff0e0   ..]Q9.....o.....
0x000000bb876fefa0:   000000bb876ff088 000000bb876ff0f8   ..o.......o.....
0x000000bb876fefb0:   0000023944b78cb2 00007ff92aff199d   ...D9......*....
0x000000bb876fefc0:   fffffffffffffff7 0000000000000000   ................
0x000000bb876fefd0:   0000000000000005 00000239515de4a0   ..........]Q9...
0x000000bb876fefe0:   0000000000000000 0000000087888498   ................
0x000000bb876feff0:   00000239515daef8 0000000000000000   ..]Q9...........
0x000000bb876ff000:   000000bb876ff028 000000bb876ff080   (.o.......o.....
0x000000bb876ff010:   0000023944b78b18 0000000000000000   ...D9...........
0x000000bb876ff020:   0000023944b7a757 0000000000000000   W..D9...........
0x000000bb876ff030:   0000000087898450 fffffffffffffff7   P...............
0x000000bb876ff040:   00000239515db55c 0000000000000002   \.]Q9...........
0x000000bb876ff050:   00000239515de4a0 0000000000000000   ..]Q9...........
0x000000bb876ff060:   0000000087888498 00000239515db5a8   ..........]Q9...
0x000000bb876ff070:   fffffffffffffff5 000000bb876ff090   ..........o.....
0x000000bb876ff080:   000000bb876ff0e0 0000023944b78b18   ..o........D9...
0x000000bb876ff090:   0000000087898450 fffffffffffffff7   P...............
0x000000bb876ff0a0:   00000239515dcd18 0000000000000003   ..]Q9...........
0x000000bb876ff0b0:   00000239515de4a0 0000000000000000   ..]Q9...........
0x000000bb876ff0c0:   0000000087888498 00000239515dcd60   ........`.]Q9...
0x000000bb876ff0d0:   fffffffffffffff6 000000bb876ff0f8   ..........o.....
0x000000bb876ff0e0:   000000bb876ff148 0000023944b78b18   H.o........D9...
0x000000bb876ff0f0:   0000000000000000 0000000087898450   ........P.......
0x000000bb876ff100:   fffffffffffffff7 00000239512cf0a7   ..........,Q9...
0x000000bb876ff110:   0000000000000008 00000239512d32e8   .........2-Q9...
0x000000bb876ff120:   0000000000000000 0000000087907bc0   .........{......

Instructions: (pc=0x00007ff929f2b536)
  0x00007ff929f2b436:   11 45 d4 0f 11 45 e4 0f 11 45 f4 89 45 04 c7 45
  0x00007ff929f2b446:   a0 68 00 00 00 0f 11 44 24 34 0f 11 44 24 44 0f
  0x00007ff929f2b456:   11 44 24 54 0f 11 44 24 64 0f 11 44 24 74 0f 11
  0x00007ff929f2b466:   45 84 89 45 94 c7 44 24 30 68 00 00 00 48 8d 55
  0x00007ff929f2b476:   a0 49 8b ce ff 15 08 75 06 00 85 c0 74 41 48 8d
  0x00007ff929f2b486:   54 24 30 48 8b ce ff 15 f6 74 06 00 85 c0 74 2f
  0x00007ff929f2b496:   48 8d 54 24 34 48 8d 4d a4 ff 15 2b 74 06 00 85
  0x00007ff929f2b4a6:   c0 74 1c 48 8d 54 24 44 48 8d 4d b4 ff 15 18 74
  0x00007ff929f2b4b6:   06 00 85 c0 74 09 8b 44 24 54 39 45 c4 74 11 ff
  0x00007ff929f2b4c6:   c7 3b 7b 0c 0f 8c 40 ff ff ff 8b 3d 9a af 06 00
  0x00007ff929f2b4d6:   48 8b cb e8 02 cf f4 ff 90 8b c7 48 8b 4d 10 48
  0x00007ff929f2b4e6:   33 cc e8 c3 f1 00 00 4c 8d 9c 24 20 01 00 00 49
  0x00007ff929f2b4f6:   8b 5b 28 49 8b 73 30 49 8b e3 41 5e 5f 5d c3 cc
  0x00007ff929f2b506:   cc cc cc cc cc cc cc cc cc cc 48 8b 41 08 48 8b
  0x00007ff929f2b516:   80 18 0c 00 00 c3 cc cc cc cc 48 8b 41 08 48 05
  0x00007ff929f2b526:   00 04 00 00 c3 cc cc cc cc cc 40 53 48 83 ec 20
=>0x00007ff929f2b536:   83 79 50 00 48 8b d9 75 56 48 8b 49 28 4c 8d 44
  0x00007ff929f2b546:   24 38 48 8d 54 24 30 c7 44 24 30 00 00 80 bf c7
  0x00007ff929f2b556:   44 24 38 00 00 80 bf e8 be cf 00 00 f3 0f 10 54
  0x00007ff929f2b566:   24 30 0f 57 c0 0f 2f d0 76 25 f3 0f 10 4c 24 38
  0x00007ff929f2b576:   0f 2f c8 76 1a f3 0f 5e 15 a9 97 02 00 f3 0f 5e
  0x00007ff929f2b586:   0d a1 97 02 00 f3 0f 11 53 48 f3 0f 11 4b 4c 48
  0x00007ff929f2b596:   83 c4 20 5b c3 cc cc cc cc cc 48 89 5c 24 10 48
  0x00007ff929f2b5a6:   89 74 24 18 48 89 7c 24 20 41 56 48 83 ec 40 48
  0x00007ff929f2b5b6:   8b d9 48 83 79 18 00 75 14 b9 28 04 00 00 e8 e7
  0x00007ff929f2b5c6:   88 00 00 48 89 43 18 c7 00 28 00 00 00 48 8b 43
  0x00007ff929f2b5d6:   18 45 33 f6 66 44 89 70 0e 48 8b 4b 28 e8 68 03
  0x00007ff929f2b5e6:   00 00 48 8b f8 ba 01 00 00 00 44 8b c2 48 8b c8
  0x00007ff929f2b5f6:   ff 15 34 70 06 00 48 8b f0 44 89 74 24 30 48 8b
  0x00007ff929f2b606:   4b 18 48 89 4c 24 28 4c 89 74 24 20 41 b9 01 00
  0x00007ff929f2b616:   00 00 45 33 c0 48 8b d0 48 8b cf ff 15 29 6f 06
  0x00007ff929f2b626:   00 48 8b 53 30 48 8b 0b 83 79 04 08 0f 8e 0f 02


Stack slot to memory mapping:

stack at sp + 0 slots: 0x0000023955934300 points into unknown readable memory: 0x0000023955644910 | 10 49 64 55 39 02 00 00
stack at sp + 1 slots: 0x000000000000000a is an unknown value
stack at sp + 2 slots: 0x000000bb876fef60 is pointing into the stack for thread: 0x000002395586d950
stack at sp + 3 slots: 0x0000023955934300 points into unknown readable memory: 0x0000023955644910 | 10 49 64 55 39 02 00 00
stack at sp + 4 slots: 0x0000023955934300 points into unknown readable memory: 0x0000023955644910 | 10 49 64 55 39 02 00 00
stack at sp + 5 slots: 0x00007ff929f2cd92 awt.dll
stack at sp + 6 slots: 0x00007ff929f89838 awt.dll
stack at sp + 7 slots: {method} {0x00000239515daf00} 'initNativeScale' '(I)V' in 'sun/awt/Win32GraphicsDevice'

Lock stack of current Java thread (top to bottom):

native method entry point (kind = native)  [0x0000023944b7cec0, 0x0000023944b7dac0]  3072 bytes
[MachCode]
  0x0000023944b7cec0: 488b 4b08 | 0fb7 492e | 584c 8d74 | ccf8 6800 | 0000 0068 | 0000 0000 | 5055 488b | ec41 5548 
  0x0000023944b7cee0: 8b43 084c | 8d68 3848 | 8b40 0868 | 0000 0000 | 5348 8b50 | 1848 8b52 | 7048 8b12 | 5248 8b53 
  0x0000023944b7cf00: 1048 85d2 | 7407 4881 | c2d0 0000 | 0052 488b | 5010 5249 | 8bc6 482b | c548 c1e8 | 0350 6800 
  0x0000023944b7cf20: 0000 0068 | f7ff ffff | 41c6 87f1 | 0400 0001 | 488b 4310 | 4885 c074 | 208b 8890 | 0000 0083 
  0x0000023944b7cf40: c102 8988 | 9000 0000 | 2388 a400 | 0000 0f84 | b80a 0000 | e9cf 0000 | 0048 8b43 | 1848 85c0 
  0x0000023944b7cf60: 0f85 b000 | 0000 e805 | 0000 00e9 | 9900 0000 | 488b d348 | 8d44 2408 | 4c89 6dc0 | 498b cfc5 
  0x0000023944b7cf80: f877 4989 | af38 0400 | 0049 8987 | 2804 0000 | 4883 ec20 | 40f6 c40f | 0f84 1900 | 0000 4883 
  0x0000023944b7cfa0: ec08 48b8 | 602c d12a | f97f 0000 | ffd0 4883 | c408 e90c | 0000 0048 | b860 2cd1 | 2af9 7f00 
  0x0000023944b7cfc0: 00ff d048 | 83c4 2049 | c787 2804 | 0000 0000 | 0000 49c7 | 8738 0400 | 0000 0000 | 0049 c787 
  0x0000023944b7cfe0: 3004 0000 | 0000 0000 | c5f8 7749 | 837f 0800 | 0f84 0500 | 0000 e9e5 | 41ff ff4c | 8b6d c04c 
  0x0000023944b7d000: 8b75 c84e | 8d74 f500 | c348 8b43 | 1848 85c0 | 0f84 1200 | 0000 8b48 | 0883 c102 | 8948 0823 
  0x0000023944b7d020: 482c 0f84 | e409 0000 | 493b a770 | 0500 000f | 8748 0000 | 0089 8424 | 00f0 ffff | 8984 2400 
  0x0000023944b7d040: e0ff ff89 | 8424 00d0 | ffff 8984 | 2400 c0ff | ff89 8424 | 00b0 ffff | 8984 2400 | a0ff ff89 
  0x0000023944b7d060: 8424 0090 | ffff 8984 | 2400 80ff | ff49 3ba7 | 6805 0000 | 7607 4989 | a770 0500 | 0041 c687 
  0x0000023944b7d080: f104 0000 | 0048 8b5d | e84c 8b5b | 0845 0fb7 | 5b2e 41c1 | e303 492b | e348 83ec | 2048 83e4 
  0x0000023944b7d0a0: f04c 8b5b | 604d 85db | 0f85 ab00 | 0000 e805 | 0000 00e9 | 9900 0000 | 488b d348 | 8d44 2408 
  0x0000023944b7d0c0: 4c89 6dc0 | 498b cfc5 | f877 4989 | af38 0400 | 0049 8987 | 2804 0000 | 4883 ec20 | 40f6 c40f 
  0x0000023944b7d0e0: 0f84 1900 | 0000 4883 | ec08 48b8 | 9055 d12a | f97f 0000 | ffd0 4883 | c408 e90c | 0000 0048 
  0x0000023944b7d100: b890 55d1 | 2af9 7f00 | 00ff d048 | 83c4 2049 | c787 2804 | 0000 0000 | 0000 49c7 | 8738 0400 
  0x0000023944b7d120: 0000 0000 | 0049 c787 | 3004 0000 | 0000 0000 | c5f8 7749 | 837f 0800 | 0f84 0500 | 0000 e99d 
  0x0000023944b7d140: 40ff ff4c | 8b6d c04c | 8b75 c84e | 8d74 f500 | c348 8b5d | e84c 8b5b | 6041 ffd3 | 488b 5de8 
  0x0000023944b7d160: 4889 4518 | 440f b75b | 2c41 f6c3 | 080f 841b | 0000 004c | 8b5b 084d | 8b5b 084d | 8b5b 184d 
  0x0000023944b7d180: 8b5b 704d | 8b1b 4c89 | 5d10 488d | 5510 488b | 4358 49ba | e026 0c2b | f97f 0000 | 493b c20f 
  0x0000023944b7d1a0: 85ab 0000 | 00e8 0500 | 0000 e999 | 0000 0048 | 8bd3 488d | 4424 084c | 896d c049 | 8bcf c5f8 
  0x0000023944b7d1c0: 7749 89af | 3804 0000 | 4989 8728 | 0400 0048 | 83ec 2040 | f6c4 0f0f | 8419 0000 | 0048 83ec 
  0x0000023944b7d1e0: 0848 b890 | 55d1 2af9 | 7f00 00ff | d048 83c4 | 08e9 0c00 | 0000 48b8 | 9055 d12a | f97f 0000 
  0x0000023944b7d200: ffd0 4883 | c420 49c7 | 8728 0400 | 0000 0000 | 0049 c787 | 3804 0000 | 0000 0000 | 49c7 8730 
  0x0000023944b7d220: 0400 0000 | 0000 00c5 | f877 4983 | 7f08 000f | 8405 0000 | 00e9 a63f | ffff 4c8b | 6dc0 4c8b 
  0x0000023944b7d240: 75c8 4e8d | 74f5 00c3 | 488b 5de8 | 488b 4358 | 498d 8f48 | 0400 004c | 8d15 d500 | 0000 4d89 
  0x0000023944b7d260: 9730 0400 | 00c5 f877 | 4989 af38 | 0400 0049 | 89a7 2804 | 0000 41c7 | 87d4 0400 | 0004 0000 
  0x0000023944b7d280: 0049 3ba7 | c805 0000 | 7607 4989 | a7c8 0500 | 00ff d049 | 3ba7 c805 | 0000 720b | 49c7 87c8 
  0x0000023944b7d2a0: 0500 0000 | 0000 00c5 | f877 4883 | ec10 c5fb | 1104 2448 | 83ec 1048 | 8904 2448 | c744 2408 
  0x0000023944b7d2c0: 0000 0000 | 41c7 87d4 | 0400 0005 | 0000 00f0 | 8344 24c0 | 0049 3b6f | 280f 870e | 0000 0041 
  0x0000023944b7d2e0: 83bf d004 | 0000 000f | 8420 0000 | 0049 8bcf | 4c8b e448 | 83ec 2048 | 83e4 f048 | b810 bcd2 
  0x0000023944b7d300: 2af9 7f00 | 00ff d049 | 8be4 4d33 | e441 c787 | d404 0000 | 0800 0000 | 4d8b 97f0 | 0500 0049 
  0x0000023944b7d320: 83fa 0074 | 3549 c787 | f005 0000 | 0000 0000 | 41ff e249 | ba60 beb7 | 4439 0200 | 0041 ffd2 
  0x0000023944b7d340: 4883 ec10 | c5fb 1104 | 2448 83ec | 1048 8904 | 2448 c744 | 2408 0000 | 0000 49c7 | 8728 0400 
  0x0000023944b7d360: 0000 0000 | 0049 c787 | 3804 0000 | 0000 0000 | 49c7 8730 | 0400 0000 | 0000 00c5 | f877 4d8b 
  0x0000023944b7d380: 9fb8 0400 | 0041 c783 | 0001 0000 | 0000 0000 | 49bb 5aa7 | b744 3902 | 0000 4c3b | 5d18 0f85 
  0x0000023944b7d3a0: 5b02 0000 | 488b 0424 | 4883 c410 | 4885 c00f | 8435 0200 | 00a8 030f | 8508 0000 | 0048 8b00 
  0x0000023944b7d3c0: e925 0200 | 00a8 010f | 8509 0000 | 0048 8b40 | fee9 1402 | 0000 488b | 40ff 4180 | 7f48 000f 
  0x0000023944b7d3e0: 8405 0200 | 0048 83f8 | 000f 84fb | 0100 004d | 8b5f 384d | 85db 0f84 | 1400 0000 | 4983 eb08 
  0x0000023944b7d400: 4d89 5f38 | 4d03 5f40 | 4989 03e9 | da01 0000 | 4881 ecf0 | 0000 0048 | 8904 2448 | 894c 2408 
  0x0000023944b7d420: 4889 5424 | 104c 8944 | 2418 4c89 | 4c24 204c | 8954 2428 | 4c89 5c24 | 30c5 fb11 | 4424 40c5 
  0x0000023944b7d440: fb11 4c24 | 48c5 fb11 | 5424 50c5 | fb11 5c24 | 58c5 fb11 | 6424 60c5 | fb11 6c24 | 6862 e1ff 
  0x0000023944b7d460: 0811 4424 | 0e62 e1ff | 0811 4c24 | 0f62 e1ff | 0811 5424 | 1062 e1ff | 0811 5c24 | 1162 e1ff 
  0x0000023944b7d480: 0811 6424 | 1262 e1ff | 0811 6c24 | 1362 e1ff | 0811 7424 | 1462 e1ff | 0811 7c24 | 1562 61ff 
  0x0000023944b7d4a0: 0811 4424 | 1662 61ff | 0811 4c24 | 1762 61ff | 0811 5424 | 1862 61ff | 0811 5c24 | 1962 61ff 
  0x0000023944b7d4c0: 0811 6424 | 1a62 61ff | 0811 6c24 | 1b62 61ff | 0811 7424 | 1c62 61ff | 0811 7c24 | 1d49 8bd7 
  0x0000023944b7d4e0: 488b c848 | 83ec 2040 | f6c4 0f0f | 8419 0000 | 0048 83ec | 0848 b8e0 | 80c5 2af9 | 7f00 00ff 
  0x0000023944b7d500: d048 83c4 | 08e9 0c00 | 0000 48b8 | e080 c52a | f97f 0000 | ffd0 4883 | c420 6261 | ff08 107c 
  0x0000023944b7d520: 241d 6261 | ff08 1074 | 241c 6261 | ff08 106c | 241b 6261 | ff08 1064 | 241a 6261 | ff08 105c 
  0x0000023944b7d540: 2419 6261 | ff08 1054 | 2418 6261 | ff08 104c | 2417 6261 | ff08 1044 | 2416 62e1 | ff08 107c 
  0x0000023944b7d560: 2415 62e1 | ff08 1074 | 2414 62e1 | ff08 106c | 2413 62e1 | ff08 1064 | 2412 62e1 | ff08 105c 
  0x0000023944b7d580: 2411 62e1 | ff08 1054 | 2410 62e1 | ff08 104c | 240f 62e1 | ff08 1044 | 240e c5fb | 106c 2468 
  0x0000023944b7d5a0: c5fb 1064 | 2460 c5fb | 105c 2458 | c5fb 1054 | 2450 c5fb | 104c 2448 | c5fb 1044 | 2440 4c8b 
  0x0000023944b7d5c0: 5c24 304c | 8b54 2428 | 4c8b 4c24 | 204c 8b44 | 2418 488b | 5424 1048 | 8b4c 2408 | 488b 0424 
  0x0000023944b7d5e0: 4881 c4f0 | 0000 00c5 | f877 4889 | 4510 4883 | ec10 4889 | 0424 48c7 | 4424 0800 | 0000 0041 
  0x0000023944b7d600: 83bf 5005 | 0000 020f | 85bf 0000 | 0048 81ec | 8000 0000 | 4889 4424 | 7848 894c | 2470 4889 
  0x0000023944b7d620: 5424 6848 | 895c 2460 | 4889 6c24 | 5048 8974 | 2448 4889 | 7c24 404c | 8944 2438 | 4c89 4c24 
  0x0000023944b7d640: 304c 8954 | 2428 4c89 | 5c24 204c | 8964 2418 | 4c89 6c24 | 104c 8974 | 2408 4c89 | 3c24 4c8b 
  0x0000023944b7d660: e448 83ec | 2048 83e4 | f048 b850 | 0e0c 2bf9 | 7f00 00ff | d049 8be4 | 4c8b 3c24 | 4c8b 7424 
  0x0000023944b7d680: 084c 8b6c | 2410 4c8b | 6424 184c | 8b5c 2420 | 4c8b 5424 | 284c 8b4c | 2430 4c8b | 4424 3848 
  0x0000023944b7d6a0: 8b7c 2440 | 488b 7424 | 4848 8b6c | 2450 488b | 5c24 6048 | 8b54 2468 | 488b 4c24 | 7048 8b44 
  0x0000023944b7d6c0: 2478 4881 | c480 0000 | 004d 33e4 | 488b 5de8 | 4c8b 6b08 | 4d8d 6d38 | 4983 7f08 | 000f 84bb 
  0x0000023944b7d6e0: 0000 00e8 | 0500 0000 | e996 0000 | 0048 8d44 | 2408 4c89 | 6dc0 498b | cfc5 f877 | 4989 af38 
  0x0000023944b7d700: 0400 0049 | 8987 2804 | 0000 4883 | ec20 40f6 | c40f 0f84 | 1900 0000 | 4883 ec08 | 48b8 d073 
  0x0000023944b7d720: d12a f97f | 0000 ffd0 | 4883 c408 | e90c 0000 | 0048 b8d0 | 73d1 2af9 | 7f00 00ff | d048 83c4 
  0x0000023944b7d740: 2049 c787 | 2804 0000 | 0000 0000 | 49c7 8738 | 0400 0000 | 0000 0049 | c787 3004 | 0000 0000 
  0x0000023944b7d760: 0000 c5f8 | 7749 837f | 0800 0f84 | 0500 0000 | e96b 3aff | ff4c 8b6d | c04c 8b75 | c84e 8d74 
  0x0000023944b7d780: f500 c348 | b940 003e | 2bf9 7f00 | 0048 83e4 | f048 b8c0 | 89f8 2af9 | 7f00 00ff | d0f4 440f 
  0x0000023944b7d7a0: b75b 2c41 | f6c3 200f | 8472 0100 | 0048 8d55 | a84c 8b5a | 084d 85db | 0f85 bb00 | 0000 e805 
  0x0000023944b7d7c0: 0000 00e9 | 9600 0000 | 488d 4424 | 084c 896d | c049 8bcf | c5f8 7749 | 89af 3804 | 0000 4989 
  0x0000023944b7d7e0: 8728 0400 | 0048 83ec | 2040 f6c4 | 0f0f 8419 | 0000 0048 | 83ec 0848 | b800 73d1 | 2af9 7f00 
  0x0000023944b7d800: 00ff d048 | 83c4 08e9 | 0c00 0000 | 48b8 0073 | d12a f97f | 0000 ffd0 | 4883 c420 | 49c7 8728 
  0x0000023944b7d820: 0400 0000 | 0000 0049 | c787 3804 | 0000 0000 | 0000 49c7 | 8730 0400 | 0000 0000 | 00c5 f877 
  0x0000023944b7d840: 4983 7f08 | 000f 8405 | 0000 00e9 | 9039 ffff | 4c8b 6dc0 | 4c8b 75c8 | 4e8d 74f5 | 00c3 48b9 
  0x0000023944b7d860: 4000 3e2b | f97f 0000 | 4883 e4f0 | 48b8 c089 | f82a f97f | 0000 ffd0 | f44c 896d | c04c 8b4a 
  0x0000023944b7d880: 0848 c742 | 0800 0000 | 0045 8b87 | d806 0000 | 4f3b 4c07 | f80f 8542 | 0000 0041 | 83af d806 
  0x0000023944b7d8a0: 0000 084f | 3b4c 07f0 | 0f84 2a00 | 0000 498b | 01a8 020f | 8512 0000 | 004c 8bc0 | 4983 c801 
  0x0000023944b7d8c0: f04d 0fb1 | 010f 840d | 0000 0041 | 8387 d806 | 0000 08e9 | 0500 0000 | e93e 0000 | 004c 894a 
  0x0000023944b7d8e0: 0848 8bca | 4883 ec20 | 40f6 c40f | 0f84 1900 | 0000 4883 | ec08 48b8 | 5045 d12a | f97f 0000 
  0x0000023944b7d900: ffd0 4883 | c408 e90c | 0000 0048 | b850 45d1 | 2af9 7f00 | 00ff d048 | 83c4 204c | 8b6d c041 
  0x0000023944b7d920: c687 9603 | 0000 0149 | 3b6f 280f | 8705 0000 | 00e9 ab00 | 0000 4883 | ec10 c5fb | 1104 2448 
  0x0000023944b7d940: 83ec 1048 | 8904 2448 | c744 2408 | 0000 0000 | c5f8 7749 | 89af 3804 | 0000 49ba | 50d9 b744 
  0x0000023944b7d960: 3902 0000 | 4d89 9730 | 0400 0049 | 89a7 2804 | 0000 498b | cf48 83ec | 2040 f6c4 | 0f0f 8419 
  0x0000023944b7d980: 0000 0048 | 83ec 0848 | b8f0 2bd1 | 2af9 7f00 | 00ff d048 | 83c4 08e9 | 0c00 0000 | 48b8 f02b 
  0x0000023944b7d9a0: d12a f97f | 0000 ffd0 | 4883 c420 | 49c7 8728 | 0400 0000 | 0000 0049 | c787 3804 | 0000 0000 
  0x0000023944b7d9c0: 0000 49c7 | 8730 0400 | 0000 0000 | 00c5 f877 | 488b 0424 | 4883 c410 | c5fb 1004 | 2448 83c4 
  0x0000023944b7d9e0: 1048 8b04 | 2448 83c4 | 10c5 fb10 | 0424 4883 | c410 4c8b | 5d18 41ff | d34c 8b5d | f8c9 41c6 
  0x0000023944b7da00: 8796 0300 | 0000 5f49 | 8be3 ffe7 | ba00 0000 | 00e8 0500 | 0000 e996 | 0000 0048 | 8d44 2408 
  0x0000023944b7da20: 4c89 6dc0 | 498b cfc5 | f877 4989 | af38 0400 | 0049 8987 | 2804 0000 | 4883 ec20 | 40f6 c40f 
  0x0000023944b7da40: 0f84 1900 | 0000 4883 | ec08 48b8 | 403b d12a | f97f 0000 | ffd0 4883 | c408 e90c | 0000 0048 
  0x0000023944b7da60: b840 3bd1 | 2af9 7f00 | 00ff d048 | 83c4 2049 | c787 2804 | 0000 0000 | 0000 49c7 | 8738 0400 
  0x0000023944b7da80: 0000 0000 | 0049 c787 | 3004 0000 | 0000 0000 | c5f8 7749 | 837f 0800 | 0f84 0500 | 0000 e93d 
  0x0000023944b7daa0: 37ff ff4c | 8b6d c04c | 8b75 c84e | 8d74 f500 | c348 8b5d | e8e9 6ef5 | ffff 660f | 1f44 0000 
[/MachCode]

---------------  P R O C E S S  ---------------

Threads class SMR info:
_java_thread_list=0x000002395590de50, length=16, elements={
0x0000023934b49690, 0x0000023950d88de0, 0x0000023950d8a540, 0x0000023950d8c1f0,
0x0000023950d8ddc0, 0x0000023950d8e980, 0x0000023950d8f540, 0x0000023950d90430,
0x0000023950e0f300, 0x00000239550445b0, 0x000002395516b2f0, 0x0000023955669f50,
0x000002395566e720, 0x000002395566eee0, 0x000002395586d950, 0x000002395592fbd0
}

Java Threads: ( => current thread )
  0x0000023934b49690 JavaThread "main"                              [_thread_blocked, id=11700, stack(0x000000bb85f00000,0x000000bb86000000) (1024K)]
  0x0000023950d88de0 JavaThread "Reference Handler"          daemon [_thread_blocked, id=6684, stack(0x000000bb86800000,0x000000bb86900000) (1024K)]
  0x0000023950d8a540 JavaThread "Finalizer"                  daemon [_thread_blocked, id=12636, stack(0x000000bb86900000,0x000000bb86a00000) (1024K)]
  0x0000023950d8c1f0 JavaThread "Signal Dispatcher"          daemon [_thread_blocked, id=8732, stack(0x000000bb86a00000,0x000000bb86b00000) (1024K)]
  0x0000023950d8ddc0 JavaThread "Attach Listener"            daemon [_thread_blocked, id=12468, stack(0x000000bb86b00000,0x000000bb86c00000) (1024K)]
  0x0000023950d8e980 JavaThread "Service Thread"             daemon [_thread_blocked, id=9668, stack(0x000000bb86c00000,0x000000bb86d00000) (1024K)]
  0x0000023950d8f540 JavaThread "Monitor Deflation Thread"   daemon [_thread_blocked, id=8392, stack(0x000000bb86d00000,0x000000bb86e00000) (1024K)]
  0x0000023950d90430 JavaThread "C2 CompilerThread0"         daemon [_thread_blocked, id=13000, stack(0x000000bb86e00000,0x000000bb86f00000) (1024K)]
  0x0000023950e0f300 JavaThread "C1 CompilerThread0"         daemon [_thread_blocked, id=12476, stack(0x000000bb86f00000,0x000000bb87000000) (1024K)]
  0x00000239550445b0 JavaThread "Common-Cleaner"             daemon [_thread_blocked, id=9488, stack(0x000000bb87000000,0x000000bb87100000) (1024K)]
  0x000002395516b2f0 JavaThread "Notification Thread"        daemon [_thread_blocked, id=2120, stack(0x000000bb87100000,0x000000bb87200000) (1024K)]
  0x0000023955669f50 JavaThread "Java2D Disposer"            daemon [_thread_blocked, id=12768, stack(0x000000bb87200000,0x000000bb87300000) (1024K)]
  0x000002395566e720 JavaThread "AWT-Shutdown"                      [_thread_blocked, id=11056, stack(0x000000bb87300000,0x000000bb87400000) (1024K)]
  0x000002395566eee0 JavaThread "AWT-Windows"                daemon [_thread_in_native, id=9984, stack(0x000000bb87400000,0x000000bb87500000) (1024K)]
=>0x000002395586d950 JavaThread "AWT-EventQueue-0"                  [_thread_in_native, id=756, stack(0x000000bb87600000,0x000000bb87700000) (1024K)]
  0x000002395592fbd0 JavaThread "TimerQueue"                 daemon [_thread_blocked, id=13248, stack(0x000000bb87a00000,0x000000bb87b00000) (1024K)]
Total: 16

Other Threads:
  0x0000023934c073c0 VMThread "VM Thread"                           [id=12024, stack(0x000000bb86700000,0x000000bb86800000) (1024K)]
  0x0000023934bfa880 WatcherThread "VM Periodic Task Thread"        [id=11580, stack(0x000000bb86600000,0x000000bb86700000) (1024K)]
  0x0000023934ba21f0 WorkerThread "GC Thread#0"                     [id=9752, stack(0x000000bb86100000,0x000000bb86200000) (1024K)]
  0x0000023934bbb2c0 ConcurrentGCThread "G1 Main Marker"            [id=12184, stack(0x000000bb86200000,0x000000bb86300000) (1024K)]
  0x0000023934bbcd50 WorkerThread "G1 Conc#0"                       [id=8700, stack(0x000000bb86300000,0x000000bb86400000) (1024K)]
  0x0000023934be16c0 ConcurrentGCThread "G1 Refine#0"               [id=6804, stack(0x000000bb86400000,0x000000bb86500000) (1024K)]
  0x0000023934be3120 ConcurrentGCThread "G1 Service"                [id=11028, stack(0x000000bb86500000,0x000000bb86600000) (1024K)]
Total: 7

Threads with active compile tasks:
Total: 0

VM state: not at safepoint (normal execution)

VM Mutex/Monitor currently owned by a thread: None

Heap address: 0x0000000080000000, size: 2048 MB, Compressed Oops mode: 32-bit

CDS archive(s) mapped at: [0x0000000018000000-0x0000000018dd0000-0x0000000018dd0000), size 14483456, SharedBaseAddress: 0x0000000018000000, ArchiveRelocationMode: 1.
Compressed class space mapped at: 0x0000000019000000-0x0000000059000000, reserved size: 1073741824
UseCompressedClassPointers 1, UseCompactObjectHeaders 0
Narrow klass pointer bits 32, Max shift 3
Narrow klass base: 0x0000000018000000, Narrow klass shift: 0
Encoding Range: [0x0000000018000000 - 0x0000000118000000), (4294967296 bytes)
Klass Range:    [0x0000000018010000 - 0x0000000059000000), (1090453504 bytes)
Klass ID Range:  [65536 - 1090519033) (1090453497)
Protection zone: [0x0000000018000000 - 0x0000000018010000), (65536 bytes)

GC Precious Log:
 CardTable entry size: 512
 Card Set container configuration: InlinePtr #cards 5 size 8 Array Of Cards #cards 10 size 36 Howl #buckets 4 coarsen threshold 1843 Howl Bitmap #cards 512 size 80 coarsen threshold 460 Card regions per heap region 1 cards per card region 2048
 CPUs: 2 total, 2 available
 Memory: 8186M
 Large Page Support: Disabled
 NUMA Support: Disabled
 Compressed Oops: Enabled (32-bit)
 Heap Region Size: 1M
 Heap Min Capacity: 8M
 Heap Initial Capacity: 128M
 Heap Max Capacity: 2G
 Pre-touch: Disabled
 Parallel Workers: 2
 Concurrent Workers: 1
 Concurrent Refinement Workers: 2
 Periodic GC: Disabled

Heap:
 garbage-first heap   total reserved 2097152K, committed 133120K, used 11411K [0x0000000080000000, 0x0000000100000000)
  region size 1024K, 11 young (11264K), 0 survivors (0K)

Heap Regions: E=young(eden), S=young(survivor), O=old, HS=humongous(starts), HC=humongous(continues), CS=collection set, F=free, TAMS=top-at-mark-start, PB=parsable bottom
|   0|0x0000000080000000, 0x0000000080000000, 0x0000000080100000|  0%| F|  |TAMS 0x0000000080000000| PB 0x0000000080000000| Untracked |  0
|   1|0x0000000080100000, 0x0000000080100000, 0x0000000080200000|  0%| F|  |TAMS 0x0000000080100000| PB 0x0000000080100000| Untracked |  0
|   2|0x0000000080200000, 0x0000000080200000, 0x0000000080300000|  0%| F|  |TAMS 0x0000000080200000| PB 0x0000000080200000| Untracked |  0
|   3|0x0000000080300000, 0x0000000080300000, 0x0000000080400000|  0%| F|  |TAMS 0x0000000080300000| PB 0x0000000080300000| Untracked |  0
|   4|0x0000000080400000, 0x0000000080400000, 0x0000000080500000|  0%| F|  |TAMS 0x0000000080400000| PB 0x0000000080400000| Untracked |  0
|   5|0x0000000080500000, 0x0000000080500000, 0x0000000080600000|  0%| F|  |TAMS 0x0000000080500000| PB 0x0000000080500000| Untracked |  0
|   6|0x0000000080600000, 0x0000000080600000, 0x0000000080700000|  0%| F|  |TAMS 0x0000000080600000| PB 0x0000000080600000| Untracked |  0
|   7|0x0000000080700000, 0x0000000080700000, 0x0000000080800000|  0%| F|  |TAMS 0x0000000080700000| PB 0x0000000080700000| Untracked |  0
|   8|0x0000000080800000, 0x0000000080800000, 0x0000000080900000|  0%| F|  |TAMS 0x0000000080800000| PB 0x0000000080800000| Untracked |  0
|   9|0x0000000080900000, 0x0000000080900000, 0x0000000080a00000|  0%| F|  |TAMS 0x0000000080900000| PB 0x0000000080900000| Untracked |  0
|  10|0x0000000080a00000, 0x0000000080a00000, 0x0000000080b00000|  0%| F|  |TAMS 0x0000000080a00000| PB 0x0000000080a00000| Untracked |  0
|  11|0x0000000080b00000, 0x0000000080b00000, 0x0000000080c00000|  0%| F|  |TAMS 0x0000000080b00000| PB 0x0000000080b00000| Untracked |  0
|  12|0x0000000080c00000, 0x0000000080c00000, 0x0000000080d00000|  0%| F|  |TAMS 0x0000000080c00000| PB 0x0000000080c00000| Untracked |  0
|  13|0x0000000080d00000, 0x0000000080d00000, 0x0000000080e00000|  0%| F|  |TAMS 0x0000000080d00000| PB 0x0000000080d00000| Untracked |  0
|  14|0x0000000080e00000, 0x0000000080e00000, 0x0000000080f00000|  0%| F|  |TAMS 0x0000000080e00000| PB 0x0000000080e00000| Untracked |  0
|  15|0x0000000080f00000, 0x0000000080f00000, 0x0000000081000000|  0%| F|  |TAMS 0x0000000080f00000| PB 0x0000000080f00000| Untracked |  0
|  16|0x0000000081000000, 0x0000000081000000, 0x0000000081100000|  0%| F|  |TAMS 0x0000000081000000| PB 0x0000000081000000| Untracked |  0
|  17|0x0000000081100000, 0x0000000081100000, 0x0000000081200000|  0%| F|  |TAMS 0x0000000081100000| PB 0x0000000081100000| Untracked |  0
|  18|0x0000000081200000, 0x0000000081200000, 0x0000000081300000|  0%| F|  |TAMS 0x0000000081200000| PB 0x0000000081200000| Untracked |  0
|  19|0x0000000081300000, 0x0000000081300000, 0x0000000081400000|  0%| F|  |TAMS 0x0000000081300000| PB 0x0000000081300000| Untracked |  0
|  20|0x0000000081400000, 0x0000000081400000, 0x0000000081500000|  0%| F|  |TAMS 0x0000000081400000| PB 0x0000000081400000| Untracked |  0
|  21|0x0000000081500000, 0x0000000081500000, 0x0000000081600000|  0%| F|  |TAMS 0x0000000081500000| PB 0x0000000081500000| Untracked |  0
|  22|0x0000000081600000, 0x0000000081600000, 0x0000000081700000|  0%| F|  |TAMS 0x0000000081600000| PB 0x0000000081600000| Untracked |  0
|  23|0x0000000081700000, 0x0000000081700000, 0x0000000081800000|  0%| F|  |TAMS 0x0000000081700000| PB 0x0000000081700000| Untracked |  0
|  24|0x0000000081800000, 0x0000000081800000, 0x0000000081900000|  0%| F|  |TAMS 0x0000000081800000| PB 0x0000000081800000| Untracked |  0
|  25|0x0000000081900000, 0x0000000081900000, 0x0000000081a00000|  0%| F|  |TAMS 0x0000000081900000| PB 0x0000000081900000| Untracked |  0
|  26|0x0000000081a00000, 0x0000000081a00000, 0x0000000081b00000|  0%| F|  |TAMS 0x0000000081a00000| PB 0x0000000081a00000| Untracked |  0
|  27|0x0000000081b00000, 0x0000000081b00000, 0x0000000081c00000|  0%| F|  |TAMS 0x0000000081b00000| PB 0x0000000081b00000| Untracked |  0
|  28|0x0000000081c00000, 0x0000000081c00000, 0x0000000081d00000|  0%| F|  |TAMS 0x0000000081c00000| PB 0x0000000081c00000| Untracked |  0
|  29|0x0000000081d00000, 0x0000000081d00000, 0x0000000081e00000|  0%| F|  |TAMS 0x0000000081d00000| PB 0x0000000081d00000| Untracked |  0
|  30|0x0000000081e00000, 0x0000000081e00000, 0x0000000081f00000|  0%| F|  |TAMS 0x0000000081e00000| PB 0x0000000081e00000| Untracked |  0
|  31|0x0000000081f00000, 0x0000000081f00000, 0x0000000082000000|  0%| F|  |TAMS 0x0000000081f00000| PB 0x0000000081f00000| Untracked |  0
|  32|0x0000000082000000, 0x0000000082000000, 0x0000000082100000|  0%| F|  |TAMS 0x0000000082000000| PB 0x0000000082000000| Untracked |  0
|  33|0x0000000082100000, 0x0000000082100000, 0x0000000082200000|  0%| F|  |TAMS 0x0000000082100000| PB 0x0000000082100000| Untracked |  0
|  34|0x0000000082200000, 0x0000000082200000, 0x0000000082300000|  0%| F|  |TAMS 0x0000000082200000| PB 0x0000000082200000| Untracked |  0
|  35|0x0000000082300000, 0x0000000082300000, 0x0000000082400000|  0%| F|  |TAMS 0x0000000082300000| PB 0x0000000082300000| Untracked |  0
|  36|0x0000000082400000, 0x0000000082400000, 0x0000000082500000|  0%| F|  |TAMS 0x0000000082400000| PB 0x0000000082400000| Untracked |  0
|  37|0x0000000082500000, 0x0000000082500000, 0x0000000082600000|  0%| F|  |TAMS 0x0000000082500000| PB 0x0000000082500000| Untracked |  0
|  38|0x0000000082600000, 0x0000000082600000, 0x0000000082700000|  0%| F|  |TAMS 0x0000000082600000| PB 0x0000000082600000| Untracked |  0
|  39|0x0000000082700000, 0x0000000082700000, 0x0000000082800000|  0%| F|  |TAMS 0x0000000082700000| PB 0x0000000082700000| Untracked |  0
|  40|0x0000000082800000, 0x0000000082800000, 0x0000000082900000|  0%| F|  |TAMS 0x0000000082800000| PB 0x0000000082800000| Untracked |  0
|  41|0x0000000082900000, 0x0000000082900000, 0x0000000082a00000|  0%| F|  |TAMS 0x0000000082900000| PB 0x0000000082900000| Untracked |  0
|  42|0x0000000082a00000, 0x0000000082a00000, 0x0000000082b00000|  0%| F|  |TAMS 0x0000000082a00000| PB 0x0000000082a00000| Untracked |  0
|  43|0x0000000082b00000, 0x0000000082b00000, 0x0000000082c00000|  0%| F|  |TAMS 0x0000000082b00000| PB 0x0000000082b00000| Untracked |  0
|  44|0x0000000082c00000, 0x0000000082c00000, 0x0000000082d00000|  0%| F|  |TAMS 0x0000000082c00000| PB 0x0000000082c00000| Untracked |  0
|  45|0x0000000082d00000, 0x0000000082d00000, 0x0000000082e00000|  0%| F|  |TAMS 0x0000000082d00000| PB 0x0000000082d00000| Untracked |  0
|  46|0x0000000082e00000, 0x0000000082e00000, 0x0000000082f00000|  0%| F|  |TAMS 0x0000000082e00000| PB 0x0000000082e00000| Untracked |  0
|  47|0x0000000082f00000, 0x0000000082f00000, 0x0000000083000000|  0%| F|  |TAMS 0x0000000082f00000| PB 0x0000000082f00000| Untracked |  0
|  48|0x0000000083000000, 0x0000000083000000, 0x0000000083100000|  0%| F|  |TAMS 0x0000000083000000| PB 0x0000000083000000| Untracked |  0
|  49|0x0000000083100000, 0x0000000083100000, 0x0000000083200000|  0%| F|  |TAMS 0x0000000083100000| PB 0x0000000083100000| Untracked |  0
|  50|0x0000000083200000, 0x0000000083200000, 0x0000000083300000|  0%| F|  |TAMS 0x0000000083200000| PB 0x0000000083200000| Untracked |  0
|  51|0x0000000083300000, 0x0000000083300000, 0x0000000083400000|  0%| F|  |TAMS 0x0000000083300000| PB 0x0000000083300000| Untracked |  0
|  52|0x0000000083400000, 0x0000000083400000, 0x0000000083500000|  0%| F|  |TAMS 0x0000000083400000| PB 0x0000000083400000| Untracked |  0
|  53|0x0000000083500000, 0x0000000083500000, 0x0000000083600000|  0%| F|  |TAMS 0x0000000083500000| PB 0x0000000083500000| Untracked |  0
|  54|0x0000000083600000, 0x0000000083600000, 0x0000000083700000|  0%| F|  |TAMS 0x0000000083600000| PB 0x0000000083600000| Untracked |  0
|  55|0x0000000083700000, 0x0000000083700000, 0x0000000083800000|  0%| F|  |TAMS 0x0000000083700000| PB 0x0000000083700000| Untracked |  0
|  56|0x0000000083800000, 0x0000000083800000, 0x0000000083900000|  0%| F|  |TAMS 0x0000000083800000| PB 0x0000000083800000| Untracked |  0
|  57|0x0000000083900000, 0x0000000083900000, 0x0000000083a00000|  0%| F|  |TAMS 0x0000000083900000| PB 0x0000000083900000| Untracked |  0
|  58|0x0000000083a00000, 0x0000000083a00000, 0x0000000083b00000|  0%| F|  |TAMS 0x0000000083a00000| PB 0x0000000083a00000| Untracked |  0
|  59|0x0000000083b00000, 0x0000000083b00000, 0x0000000083c00000|  0%| F|  |TAMS 0x0000000083b00000| PB 0x0000000083b00000| Untracked |  0
|  60|0x0000000083c00000, 0x0000000083c00000, 0x0000000083d00000|  0%| F|  |TAMS 0x0000000083c00000| PB 0x0000000083c00000| Untracked |  0
|  61|0x0000000083d00000, 0x0000000083d00000, 0x0000000083e00000|  0%| F|  |TAMS 0x0000000083d00000| PB 0x0000000083d00000| Untracked |  0
|  62|0x0000000083e00000, 0x0000000083e00000, 0x0000000083f00000|  0%| F|  |TAMS 0x0000000083e00000| PB 0x0000000083e00000| Untracked |  0
|  63|0x0000000083f00000, 0x0000000083f00000, 0x0000000084000000|  0%| F|  |TAMS 0x0000000083f00000| PB 0x0000000083f00000| Untracked |  0
|  64|0x0000000084000000, 0x0000000084000000, 0x0000000084100000|  0%| F|  |TAMS 0x0000000084000000| PB 0x0000000084000000| Untracked |  0
|  65|0x0000000084100000, 0x0000000084100000, 0x0000000084200000|  0%| F|  |TAMS 0x0000000084100000| PB 0x0000000084100000| Untracked |  0
|  66|0x0000000084200000, 0x0000000084200000, 0x0000000084300000|  0%| F|  |TAMS 0x0000000084200000| PB 0x0000000084200000| Untracked |  0
|  67|0x0000000084300000, 0x0000000084300000, 0x0000000084400000|  0%| F|  |TAMS 0x0000000084300000| PB 0x0000000084300000| Untracked |  0
|  68|0x0000000084400000, 0x0000000084400000, 0x0000000084500000|  0%| F|  |TAMS 0x0000000084400000| PB 0x0000000084400000| Untracked |  0
|  69|0x0000000084500000, 0x0000000084500000, 0x0000000084600000|  0%| F|  |TAMS 0x0000000084500000| PB 0x0000000084500000| Untracked |  0
|  70|0x0000000084600000, 0x0000000084600000, 0x0000000084700000|  0%| F|  |TAMS 0x0000000084600000| PB 0x0000000084600000| Untracked |  0
|  71|0x0000000084700000, 0x0000000084700000, 0x0000000084800000|  0%| F|  |TAMS 0x0000000084700000| PB 0x0000000084700000| Untracked |  0
|  72|0x0000000084800000, 0x0000000084800000, 0x0000000084900000|  0%| F|  |TAMS 0x0000000084800000| PB 0x0000000084800000| Untracked |  0
|  73|0x0000000084900000, 0x0000000084900000, 0x0000000084a00000|  0%| F|  |TAMS 0x0000000084900000| PB 0x0000000084900000| Untracked |  0
|  74|0x0000000084a00000, 0x0000000084a00000, 0x0000000084b00000|  0%| F|  |TAMS 0x0000000084a00000| PB 0x0000000084a00000| Untracked |  0
|  75|0x0000000084b00000, 0x0000000084b00000, 0x0000000084c00000|  0%| F|  |TAMS 0x0000000084b00000| PB 0x0000000084b00000| Untracked |  0
|  76|0x0000000084c00000, 0x0000000084c00000, 0x0000000084d00000|  0%| F|  |TAMS 0x0000000084c00000| PB 0x0000000084c00000| Untracked |  0
|  77|0x0000000084d00000, 0x0000000084d00000, 0x0000000084e00000|  0%| F|  |TAMS 0x0000000084d00000| PB 0x0000000084d00000| Untracked |  0
|  78|0x0000000084e00000, 0x0000000084e00000, 0x0000000084f00000|  0%| F|  |TAMS 0x0000000084e00000| PB 0x0000000084e00000| Untracked |  0
|  79|0x0000000084f00000, 0x0000000084f00000, 0x0000000085000000|  0%| F|  |TAMS 0x0000000084f00000| PB 0x0000000084f00000| Untracked |  0
|  80|0x0000000085000000, 0x0000000085000000, 0x0000000085100000|  0%| F|  |TAMS 0x0000000085000000| PB 0x0000000085000000| Untracked |  0
|  81|0x0000000085100000, 0x0000000085100000, 0x0000000085200000|  0%| F|  |TAMS 0x0000000085100000| PB 0x0000000085100000| Untracked |  0
|  82|0x0000000085200000, 0x0000000085200000, 0x0000000085300000|  0%| F|  |TAMS 0x0000000085200000| PB 0x0000000085200000| Untracked |  0
|  83|0x0000000085300000, 0x0000000085300000, 0x0000000085400000|  0%| F|  |TAMS 0x0000000085300000| PB 0x0000000085300000| Untracked |  0
|  84|0x0000000085400000, 0x0000000085400000, 0x0000000085500000|  0%| F|  |TAMS 0x0000000085400000| PB 0x0000000085400000| Untracked |  0
|  85|0x0000000085500000, 0x0000000085500000, 0x0000000085600000|  0%| F|  |TAMS 0x0000000085500000| PB 0x0000000085500000| Untracked |  0
|  86|0x0000000085600000, 0x0000000085600000, 0x0000000085700000|  0%| F|  |TAMS 0x0000000085600000| PB 0x0000000085600000| Untracked |  0
|  87|0x0000000085700000, 0x0000000085700000, 0x0000000085800000|  0%| F|  |TAMS 0x0000000085700000| PB 0x0000000085700000| Untracked |  0
|  88|0x0000000085800000, 0x0000000085800000, 0x0000000085900000|  0%| F|  |TAMS 0x0000000085800000| PB 0x0000000085800000| Untracked |  0
|  89|0x0000000085900000, 0x0000000085900000, 0x0000000085a00000|  0%| F|  |TAMS 0x0000000085900000| PB 0x0000000085900000| Untracked |  0
|  90|0x0000000085a00000, 0x0000000085a00000, 0x0000000085b00000|  0%| F|  |TAMS 0x0000000085a00000| PB 0x0000000085a00000| Untracked |  0
|  91|0x0000000085b00000, 0x0000000085b00000, 0x0000000085c00000|  0%| F|  |TAMS 0x0000000085b00000| PB 0x0000000085b00000| Untracked |  0
|  92|0x0000000085c00000, 0x0000000085c00000, 0x0000000085d00000|  0%| F|  |TAMS 0x0000000085c00000| PB 0x0000000085c00000| Untracked |  0
|  93|0x0000000085d00000, 0x0000000085d00000, 0x0000000085e00000|  0%| F|  |TAMS 0x0000000085d00000| PB 0x0000000085d00000| Untracked |  0
|  94|0x0000000085e00000, 0x0000000085e00000, 0x0000000085f00000|  0%| F|  |TAMS 0x0000000085e00000| PB 0x0000000085e00000| Untracked |  0
|  95|0x0000000085f00000, 0x0000000085f00000, 0x0000000086000000|  0%| F|  |TAMS 0x0000000085f00000| PB 0x0000000085f00000| Untracked |  0
|  96|0x0000000086000000, 0x0000000086000000, 0x0000000086100000|  0%| F|  |TAMS 0x0000000086000000| PB 0x0000000086000000| Untracked |  0
|  97|0x0000000086100000, 0x0000000086100000, 0x0000000086200000|  0%| F|  |TAMS 0x0000000086100000| PB 0x0000000086100000| Untracked |  0
|  98|0x0000000086200000, 0x0000000086200000, 0x0000000086300000|  0%| F|  |TAMS 0x0000000086200000| PB 0x0000000086200000| Untracked |  0
|  99|0x0000000086300000, 0x0000000086300000, 0x0000000086400000|  0%| F|  |TAMS 0x0000000086300000| PB 0x0000000086300000| Untracked |  0
| 100|0x0000000086400000, 0x0000000086400000, 0x0000000086500000|  0%| F|  |TAMS 0x0000000086400000| PB 0x0000000086400000| Untracked |  0
| 101|0x0000000086500000, 0x0000000086500000, 0x0000000086600000|  0%| F|  |TAMS 0x0000000086500000| PB 0x0000000086500000| Untracked |  0
| 102|0x0000000086600000, 0x0000000086600000, 0x0000000086700000|  0%| F|  |TAMS 0x0000000086600000| PB 0x0000000086600000| Untracked |  0
| 103|0x0000000086700000, 0x0000000086700000, 0x0000000086800000|  0%| F|  |TAMS 0x0000000086700000| PB 0x0000000086700000| Untracked |  0
| 104|0x0000000086800000, 0x0000000086800000, 0x0000000086900000|  0%| F|  |TAMS 0x0000000086800000| PB 0x0000000086800000| Untracked |  0
| 105|0x0000000086900000, 0x0000000086900000, 0x0000000086a00000|  0%| F|  |TAMS 0x0000000086900000| PB 0x0000000086900000| Untracked |  0
| 106|0x0000000086a00000, 0x0000000086a00000, 0x0000000086b00000|  0%| F|  |TAMS 0x0000000086a00000| PB 0x0000000086a00000| Untracked |  0
| 107|0x0000000086b00000, 0x0000000086b00000, 0x0000000086c00000|  0%| F|  |TAMS 0x0000000086b00000| PB 0x0000000086b00000| Untracked |  0
| 108|0x0000000086c00000, 0x0000000086c00000, 0x0000000086d00000|  0%| F|  |TAMS 0x0000000086c00000| PB 0x0000000086c00000| Untracked |  0
| 109|0x0000000086d00000, 0x0000000086d00000, 0x0000000086e00000|  0%| F|  |TAMS 0x0000000086d00000| PB 0x0000000086d00000| Untracked |  0
| 110|0x0000000086e00000, 0x0000000086e00000, 0x0000000086f00000|  0%| F|  |TAMS 0x0000000086e00000| PB 0x0000000086e00000| Untracked |  0
| 111|0x0000000086f00000, 0x0000000086f00000, 0x0000000087000000|  0%| F|  |TAMS 0x0000000086f00000| PB 0x0000000086f00000| Untracked |  0
| 112|0x0000000087000000, 0x0000000087000000, 0x0000000087100000|  0%| F|  |TAMS 0x0000000087000000| PB 0x0000000087000000| Untracked |  0
| 113|0x0000000087100000, 0x0000000087100000, 0x0000000087200000|  0%| F|  |TAMS 0x0000000087100000| PB 0x0000000087100000| Untracked |  0
| 114|0x0000000087200000, 0x0000000087200000, 0x0000000087300000|  0%| F|  |TAMS 0x0000000087200000| PB 0x0000000087200000| Untracked |  0
| 115|0x0000000087300000, 0x0000000087300000, 0x0000000087400000|  0%| F|  |TAMS 0x0000000087300000| PB 0x0000000087300000| Untracked |  0
| 116|0x0000000087400000, 0x0000000087400000, 0x0000000087500000|  0%| F|  |TAMS 0x0000000087400000| PB 0x0000000087400000| Untracked |  0
| 117|0x0000000087500000, 0x000000008758f8a0, 0x0000000087600000| 56%| E|  |TAMS 0x0000000087500000| PB 0x0000000087500000| Complete |  0
| 118|0x0000000087600000, 0x0000000087700000, 0x0000000087700000|100%| E|CS|TAMS 0x0000000087600000| PB 0x0000000087600000| Complete |  0
| 119|0x0000000087700000, 0x0000000087800000, 0x0000000087800000|100%| E|CS|TAMS 0x0000000087700000| PB 0x0000000087700000| Complete |  0
| 120|0x0000000087800000, 0x0000000087900000, 0x0000000087900000|100%| E|CS|TAMS 0x0000000087800000| PB 0x0000000087800000| Complete |  0
| 121|0x0000000087900000, 0x0000000087a00000, 0x0000000087a00000|100%| E|CS|TAMS 0x0000000087900000| PB 0x0000000087900000| Complete |  0
| 122|0x0000000087a00000, 0x0000000087b00000, 0x0000000087b00000|100%| E|CS|TAMS 0x0000000087a00000| PB 0x0000000087a00000| Complete |  0
| 123|0x0000000087b00000, 0x0000000087c00000, 0x0000000087c00000|100%| E|CS|TAMS 0x0000000087b00000| PB 0x0000000087b00000| Complete |  0
| 124|0x0000000087c00000, 0x0000000087d00000, 0x0000000087d00000|100%| E|CS|TAMS 0x0000000087c00000| PB 0x0000000087c00000| Complete |  0
| 125|0x0000000087d00000, 0x0000000087e00000, 0x0000000087e00000|100%| E|CS|TAMS 0x0000000087d00000| PB 0x0000000087d00000| Complete |  0
| 126|0x0000000087e00000, 0x0000000087f00000, 0x0000000087f00000|100%| E|CS|TAMS 0x0000000087e00000| PB 0x0000000087e00000| Complete |  0
| 127|0x0000000087f00000, 0x0000000088000000, 0x0000000088000000|100%| E|CS|TAMS 0x0000000087f00000| PB 0x0000000087f00000| Complete |  0
|2046|0x00000000ffe00000, 0x00000000fff00000, 0x00000000fff00000|100%| O|  |TAMS 0x00000000ffe00000| PB 0x00000000ffe00000| Untracked |  0
|2047|0x00000000fff00000, 0x00000000fff24ea8, 0x0000000100000000| 14%| O|  |TAMS 0x00000000fff00000| PB 0x00000000fff00000| Untracked |  0

Card table byte_map: [0x000002394c640000,0x000002394ca40000] _byte_map_base: 0x000002394c240000

Marking Bits: (CMBitMap*) 0x0000023934ba2980
 Bits: [0x000002394ca40000, 0x000002394ea40000)

Polling page: 0x0000023932920000

Metaspace:
Metaspace        used 8964K, committed 9152K, reserved 1114112K
 class space     used 792K, committed 896K, reserved 1048576K

Usage:
  Non-class:      7.98 MB used.
      Class:    792.88 KB used.
       Both:      8.75 MB used.

Virtual space:
  Non-class space:       64.00 MB reserved,       8.06 MB ( 13%) committed,  1 nodes.
      Class space:        1.00 GB reserved,     896.00 KB ( <1%) committed,  1 nodes.
             Both:        1.06 GB reserved,       8.94 MB ( <1%) committed. 

Chunk freelists:
   Non-Class:  7.00 MB
       Class:  15.12 MB
        Both:  22.12 MB

MaxMetaspaceSize: unlimited
CompressedClassSpaceSize: 1.00 GB
Initial GC threshold: 21.00 MB
Current GC threshold: 21.00 MB
CDS: on
 - commit_granule_bytes: 65536.
 - commit_granule_words: 8192.
 - virtual_space_node_default_size: 8388608.
 - enlarge_chunks_in_place: 1.
UseCompressedClassPointers 1, UseCompactObjectHeaders 0
Narrow klass pointer bits 32, Max shift 3
Narrow klass base: 0x0000000018000000, Narrow klass shift: 0
Encoding Range: [0x0000000018000000 - 0x0000000118000000), (4294967296 bytes)
Klass Range:    [0x0000000018010000 - 0x0000000059000000), (1090453504 bytes)
Klass ID Range:  [65536 - 1090519033) (1090453497)
Protection zone: [0x0000000018000000 - 0x0000000018010000), (65536 bytes)


Internal statistics:

num_allocs_failed_limit: 0.
num_arena_births: 102.
num_arena_deaths: 0.
num_vsnodes_births: 2.
num_vsnodes_deaths: 0.
num_space_committed: 143.
num_space_uncommitted: 0.
num_chunks_returned_to_freelist: 0.
num_chunks_taken_from_freelist: 136.
num_chunk_merges: 0.
num_chunk_splits: 82.
num_chunks_enlarged: 42.
num_inconsistent_stats: 0.

CodeHeap 'non-profiled nmethods': size=120128Kb used=319Kb max_used=319Kb free=119808Kb
 bounds [0x00000239450f0000, 0x0000023945360000, 0x000002394c640000]
CodeHeap 'profiled nmethods': size=120000Kb used=1643Kb max_used=1643Kb free=118356Kb
 bounds [0x000002393d640000, 0x000002393d8b0000, 0x0000023944b70000]
CodeHeap 'non-nmethods': size=5632Kb used=1685Kb max_used=1716Kb free=3946Kb
 bounds [0x0000023944b70000, 0x0000023944de0000, 0x00000239450f0000]
CodeCache: size=245760Kb, used=3647Kb, max_used=3678Kb, free=242110Kb
 total_blobs=1943, nmethods=1284, adapters=563, full_count=0
Compilation: enabled, stopped_count=0, restarted_count=0

Compilation events (20 events):
Event: 25.305 Thread 0x0000023950e0f300 1274       1       sun.awt.windows.WObjectPeer::isDisposed (5 bytes)
Event: 25.305 Thread 0x0000023950e0f300 nmethod 1274 0x000002394513f508 code [0x000002394513f600, 0x000002394513f6c8]
Event: 25.399 Thread 0x0000023950e0f300 1275       3       sun.awt.AWTAutoShutdown::notifyToolkitThreadFree (8 bytes)
Event: 25.399 Thread 0x0000023950e0f300 nmethod 1275 0x000002393d7d6788 code [0x000002393d7d6880, 0x000002393d7d6a08]
Event: 882.389 Thread 0x0000023950e0f300 1277       3       java.lang.invoke.LambdaForm$MH/0x0000000019042c00::invoke (25 bytes)
Event: 882.389 Thread 0x0000023950e0f300 nmethod 1277 0x000002393d7d6a88 code [0x000002393d7d6b80, 0x000002393d7d70d8]
Event: 882.549 Thread 0x0000023950e0f300 1278       3       java.lang.Boolean::valueOf (14 bytes)
Event: 882.550 Thread 0x0000023950e0f300 nmethod 1278 0x000002393d7d7108 code [0x000002393d7d7200, 0x000002393d7d7360]
Event: 882.561 Thread 0x0000023950e0f300 1279   !   3       java.awt.Toolkit::setDesktopProperty (70 bytes)
Event: 882.562 Thread 0x0000023950e0f300 nmethod 1279 0x000002393d7d7408 code [0x000002393d7d7500, 0x000002393d7d7cf0]
Event: 882.564 Thread 0x0000023950d90430 1280       4       java.util.HashMap::hash (20 bytes)
Event: 882.565 Thread 0x0000023950d90430 nmethod 1280 0x000002394513fb08 code [0x000002394513fc00, 0x000002394513fce8]
Event: 882.565 Thread 0x0000023950e0f300 1281       3       java.awt.EventQueue::postEvent (13 bytes)
Event: 882.565 Thread 0x0000023950e0f300 nmethod 1281 0x000002393d7d7d08 code [0x000002393d7d7e00, 0x000002393d7d81a8]
Event: 882.565 Thread 0x0000023950e0f300 1282   !   3       java.awt.EventQueue::postEventPrivate (104 bytes)
Event: 882.566 Thread 0x0000023950e0f300 nmethod 1282 0x000002393d7d8208 code [0x000002393d7d8300, 0x000002393d7d8ba0]
Event: 882.566 Thread 0x0000023950e0f300 1283       3       java.awt.Color::equals (27 bytes)
Event: 882.566 Thread 0x0000023950e0f300 nmethod 1283 0x000002393d7d8c08 code [0x000002393d7d8d00, 0x000002393d7d9148]
Event: 882.960 Thread 0x0000023950e0f300 1284       3       java.lang.invoke.InnerClassLambdaMetafactory::methodDesc (45 bytes)
Event: 882.962 Thread 0x0000023950e0f300 nmethod 1284 0x000002393d7d9188 code [0x000002393d7d9280, 0x000002393d7daef0]

GC Heap Usage History (0 events):
No events

Metaspace Usage History (0 events):
No events

Dll operation events (8 events):
Event: 0.023 Loaded shared library C:\Program Files\Apache NetBeans\jdk\bin\java.dll
Event: 0.304 Loaded shared library C:\Program Files\Apache NetBeans\jdk\bin\net.dll
Event: 0.306 Loaded shared library C:\Program Files\Apache NetBeans\jdk\bin\nio.dll
Event: 0.347 Loaded shared library C:\Program Files\Apache NetBeans\jdk\bin\jimage.dll
Event: 0.379 Loaded shared library C:\Program Files\Apache NetBeans\jdk\bin\awt.dll
Event: 0.632 Loaded shared library C:\Program Files\Apache NetBeans\jdk\bin\zip.dll
Event: 0.665 Loaded shared library C:\Program Files\Apache NetBeans\jdk\bin\freetype.dll
Event: 0.667 Loaded shared library C:\Program Files\Apache NetBeans\jdk\bin\fontmanager.dll

Deoptimization events (20 events):
Event: 0.963 Thread 0x0000023934b49690 Uncommon trap: trap_request=0xffffff45 fr.pc=0x000002394511a66c relative=0x00000000000004ec
Event: 0.963 Thread 0x0000023934b49690 Uncommon trap: reason=unstable_if action=reinterpret pc=0x000002394511a66c method=java.lang.StringLatin1.replace([BCC)Ljava/lang/String; @ 19 c2
Event: 0.963 Thread 0x0000023934b49690 DEOPT PACKING pc=0x000002394511a66c sp=0x000000bb85ffe830
Event: 0.963 Thread 0x0000023934b49690 DEOPT UNPACKING pc=0x0000023944c07002 sp=0x000000bb85ffe7b0 mode 2
Event: 8.619 Thread 0x000002395586d950 Uncommon trap: trap_request=0xffffffde fr.pc=0x0000023945109fd4 relative=0x00000000000001d4
Event: 8.619 Thread 0x000002395586d950 Uncommon trap: reason=class_check action=maybe_recompile pc=0x0000023945109fd4 method=java.lang.String.equals(Ljava/lang/Object;)Z @ 8 c2
Event: 8.619 Thread 0x000002395586d950 DEOPT PACKING pc=0x0000023945109fd4 sp=0x000000bb876fe6e0
Event: 8.619 Thread 0x000002395586d950 DEOPT UNPACKING pc=0x0000023944c07002 sp=0x000000bb876fe678 mode 2
Event: 8.619 Thread 0x000002395586d950 Uncommon trap: trap_request=0xffffffde fr.pc=0x0000023945109fd4 relative=0x00000000000001d4
Event: 8.619 Thread 0x000002395586d950 Uncommon trap: reason=class_check action=maybe_recompile pc=0x0000023945109fd4 method=java.lang.String.equals(Ljava/lang/Object;)Z @ 8 c2
Event: 8.619 Thread 0x000002395586d950 DEOPT PACKING pc=0x0000023945109fd4 sp=0x000000bb876fe6e0
Event: 8.619 Thread 0x000002395586d950 DEOPT UNPACKING pc=0x0000023944c07002 sp=0x000000bb876fe678 mode 2
Event: 8.999 Thread 0x000002395586d950 Uncommon trap: trap_request=0xffffffde fr.pc=0x0000023945109fd4 relative=0x00000000000001d4
Event: 8.999 Thread 0x000002395586d950 Uncommon trap: reason=class_check action=maybe_recompile pc=0x0000023945109fd4 method=java.lang.String.equals(Ljava/lang/Object;)Z @ 8 c2
Event: 8.999 Thread 0x000002395586d950 DEOPT PACKING pc=0x0000023945109fd4 sp=0x000000bb876fe6e0
Event: 8.999 Thread 0x000002395586d950 DEOPT UNPACKING pc=0x0000023944c07002 sp=0x000000bb876fe678 mode 2
Event: 8.999 Thread 0x000002395586d950 Uncommon trap: trap_request=0xffffffde fr.pc=0x0000023945109fd4 relative=0x00000000000001d4
Event: 8.999 Thread 0x000002395586d950 Uncommon trap: reason=class_check action=maybe_recompile pc=0x0000023945109fd4 method=java.lang.String.equals(Ljava/lang/Object;)Z @ 8 c2
Event: 8.999 Thread 0x000002395586d950 DEOPT PACKING pc=0x0000023945109fd4 sp=0x000000bb876fe6e0
Event: 8.999 Thread 0x000002395586d950 DEOPT UNPACKING pc=0x0000023944c07002 sp=0x000000bb876fe678 mode 2

Classes loaded (20 events):
Event: 15.556 Loading class java/awt/Toolkit$ToolkitEventMulticaster
Event: 15.556 Loading class java/awt/Toolkit$ToolkitEventMulticaster done
Event: 15.556 Loading class java/awt/event/MouseWheelEvent
Event: 15.556 Loading class java/awt/event/MouseWheelEvent done
Event: 19.894 Loading class javax/swing/plaf/basic/BasicRootPaneUI$Actions
Event: 19.895 Loading class javax/swing/plaf/basic/BasicRootPaneUI$Actions done
Event: 19.896 Loading class jdk/internal/event/ThreadSleepEvent
Event: 19.897 Loading class jdk/internal/event/Event
Event: 19.897 Loading class jdk/internal/event/Event done
Event: 19.897 Loading class jdk/internal/event/ThreadSleepEvent done
Event: 19.918 Loading class sun/awt/SunToolkit$1
Event: 19.918 Loading class sun/awt/SunToolkit$1 done
Event: 19.938 Loading class java/awt/Window$1DisposeAction
Event: 19.938 Loading class java/awt/Window$1DisposeAction done
Event: 19.938 Loading class java/awt/EventQueue$1AWTInvocationLock
Event: 19.938 Loading class java/awt/EventQueue$1AWTInvocationLock done
Event: 19.939 Loading class javax/swing/Autoscroller
Event: 19.940 Loading class javax/swing/Autoscroller done
Event: 883.042 Loading class java/util/ArrayList$ListItr
Event: 883.042 Loading class java/util/ArrayList$ListItr done

Classes unloaded (0 events):
No events

Classes redefined (0 events):
No events

Internal exceptions (20 events):
Event: 0.609 Thread 0x0000023934b49690 Exception <a 'java/lang/ClassNotFoundException'{0x00000000879147f8}: com/sun/swing/internal/plaf/metal/resources/spi/metalProvider> (0x00000000879147f8) 
thrown [s\src\hotspot\share\classfile\systemDictionary.cpp, line 327]
Event: 0.610 Thread 0x0000023934b49690 Exception <a 'java/lang/ClassNotFoundException'{0x0000000087918278}: com/sun/swing/internal/plaf/basic/resources/spi/basicProvider> (0x0000000087918278) 
thrown [s\src\hotspot\share\classfile\systemDictionary.cpp, line 327]
Event: 0.658 Thread 0x0000023934b49690 Exception <a 'java/lang/NoSuchMethodError'{0x000000008799d178}: 'int java.lang.invoke.Invokers$Holder.invokeExact_MT(java.lang.Object, java.lang.Object)'> (0x000000008799d178) 
thrown [s\src\hotspot\share\interpreter\linkResolver.cpp, line 804]
Event: 0.676 Thread 0x0000023934b49690 Exception <a 'java/lang/NoSuchMethodError'{0x00000000879abb58}: 'long java.lang.invoke.DirectMethodHandle$Holder.invokeStatic(java.lang.Object, java.lang.Object)'> (0x00000000879abb58) 
thrown [s\src\hotspot\share\interpreter\linkResolver.cpp, line 804]
Event: 0.676 Thread 0x0000023934b49690 Exception <a 'java/lang/NoSuchMethodError'{0x00000000879b3bb0}: 'long java.lang.invoke.DirectMethodHandle$Holder.invokeStaticInit(java.lang.Object, java.lang.Object)'> (0x00000000879b3bb0) 
thrown [s\src\hotspot\share\interpreter\linkResolver.cpp, line 804]
Event: 0.677 Thread 0x0000023934b49690 Exception <a 'java/lang/NoSuchMethodError'{0x00000000879bc288}: 'java.lang.Object java.lang.invoke.DirectMethodHandle$Holder.invokeStatic(java.lang.Object, long, java.lang.Object)'> (0x00000000879bc288) 
thrown [s\src\hotspot\share\interpreter\linkResolver.cpp, line 804]
Event: 0.677 Thread 0x0000023934b49690 Exception <a 'java/lang/NoSuchMethodError'{0x00000000879c43d8}: 'java.lang.Object java.lang.invoke.DirectMethodHandle$Holder.invokeStaticInit(java.lang.Object, long, java.lang.Object)'> (0x00000000879c43d8) 
thrown [s\src\hotspot\share\interpreter\linkResolver.cpp, line 804]
Event: 0.678 Thread 0x0000023934b49690 Exception <a 'java/lang/NoSuchMethodError'{0x00000000879ccbe8}: 'java.lang.Object java.lang.invoke.DirectMethodHandle$Holder.invokeStaticInit(java.lang.Object, long)'> (0x00000000879ccbe8) 
thrown [s\src\hotspot\share\interpreter\linkResolver.cpp, line 804]
Event: 0.689 Thread 0x0000023934b49690 Exception <a 'java/lang/NoSuchMethodError'{0x00000000879f5ba0}: 'long java.lang.invoke.DirectMethodHandle$Holder.invokeStaticInit(java.lang.Object, long, long, long, long)'> (0x00000000879f5ba0) 
thrown [s\src\hotspot\share\interpreter\linkResolver.cpp, line 804]
Event: 0.690 Thread 0x0000023934b49690 Exception <a 'java/lang/NoSuchMethodError'{0x00000000879fe600}: 'java.lang.Object java.lang.invoke.DirectMethodHandle$Holder.invokeInterface(java.lang.Object, java.lang.Object, long, long)'> (0x00000000879fe600) 
thrown [s\src\hotspot\share\interpreter\linkResolver.cpp, line 804]
Event: 0.691 Thread 0x0000023934b49690 Exception <a 'java/lang/NoSuchMethodError'{0x0000000087817218}: 'void java.lang.invoke.DirectMethodHandle$Holder.invokeStaticInit(java.lang.Object, java.lang.Object, long, java.lang.Object)'> (0x0000000087817218) 
thrown [s\src\hotspot\share\interpreter\linkResolver.cpp, line 804]
Event: 0.692 Thread 0x0000023934b49690 Exception <a 'java/lang/NoSuchMethodError'{0x000000008781fe50}: 'long java.lang.invoke.DirectMethodHandle$Holder.invokeStatic(java.lang.Object, long, long)'> (0x000000008781fe50) 
thrown [s\src\hotspot\share\interpreter\linkResolver.cpp, line 804]
Event: 0.705 Thread 0x0000023934b49690 Exception <a 'java/lang/NoSuchMethodError'{0x00000000878423a8}: 'java.lang.Object java.lang.invoke.DirectMethodHandle$Holder.newInvokeSpecial(java.lang.Object, int, java.lang.Object)'> (0x00000000878423a8) 
thrown [s\src\hotspot\share\interpreter\linkResolver.cpp, line 804]
Event: 0.801 Thread 0x0000023934b49690 Exception <a 'java/lang/NoSuchMethodError'{0x00000000878c0600}: 'void java.lang.invoke.DelegatingMethodHandle$Holder.reinvoke_L(java.lang.Object, java.lang.Object, java.lang.Object, long, float)'> (0x00000000878c0600) 
thrown [s\src\hotspot\share\interpreter\linkResolver.cpp, line 804]
Event: 0.807 Thread 0x0000023934b49690 Exception <a 'java/lang/NoSuchMethodError'{0x00000000878d8860}: 'java.lang.Object java.lang.invoke.DirectMethodHandle$Holder.invokeStatic(java.lang.Object, java.lang.Object, java.lang.Object, java.lang.Object, long)'> (0x00000000878d8860) 
thrown [s\src\hotspot\share\interpreter\linkResolver.cpp, line 804]
Event: 0.808 Thread 0x0000023934b49690 Exception <a 'java/lang/NoSuchMethodError'{0x00000000878fab90}: 'float java.lang.invoke.DelegatingMethodHandle$Holder.reinvoke_L(java.lang.Object, java.lang.Object, java.lang.Object, long)'> (0x00000000878fab90) 
thrown [s\src\hotspot\share\interpreter\linkResolver.cpp, line 804]
Event: 0.931 Thread 0x000002395566eee0 Exception <a 'java/lang/NoSuchMethodError'{0x0000000087debf48}: 'void java.lang.invoke.DirectMethodHandle$Holder.invokeVirtual(java.lang.Object, java.lang.Object)'> (0x0000000087debf48) 
thrown [s\src\hotspot\share\interpreter\linkResolver.cpp, line 804]
Event: 0.953 Thread 0x0000023934b49690 Exception <a 'java/lang/NoSuchMethodError'{0x00000000877c0028}: 'void java.lang.invoke.DirectMethodHandle$Holder.invokeStaticInit(java.lang.Object)'> (0x00000000877c0028) 
thrown [s\src\hotspot\share\interpreter\linkResolver.cpp, line 804]
Event: 0.980 Thread 0x0000023934b49690 Exception <a 'java/lang/NoSuchMethodError'{0x00000000877e7fe8}: 'void java.lang.invoke.DirectMethodHandle$Holder.invokeStatic(java.lang.Object, java.lang.Object)'> (0x00000000877e7fe8) 
thrown [s\src\hotspot\share\interpreter\linkResolver.cpp, line 804]
Event: 1.015 Thread 0x0000023934b49690 Exception <a 'java/lang/NoSuchMethodError'{0x000000008761be18}: 'int java.lang.invoke.DirectMethodHandle$Holder.invokeStatic(java.lang.Object)'> (0x000000008761be18) 
thrown [s\src\hotspot\share\interpreter\linkResolver.cpp, line 804]

VM Operations (10 events):
Event: 0.311 Executing non-safepoint VM operation: HandshakeAllThreads (Deoptimize)
Event: 0.311 Executing non-safepoint VM operation: HandshakeAllThreads (Deoptimize) done
Event: 0.651 Executing non-safepoint VM operation: HandshakeAllThreads (Deoptimize)
Event: 0.651 Executing non-safepoint VM operation: HandshakeAllThreads (Deoptimize) done
Event: 60.148 Executing non-safepoint VM operation: HandshakeAllThreads (HandshakeForDeflation)
Event: 60.148 Executing non-safepoint VM operation: HandshakeAllThreads (HandshakeForDeflation) done
Event: 60.148 Executing non-safepoint VM operation: RendezvousGCThreads
Event: 60.148 Executing non-safepoint VM operation: RendezvousGCThreads done
Event: 883.043 Executing non-safepoint VM operation: HandshakeAllThreads (Deoptimize)
Event: 883.043 Executing non-safepoint VM operation: HandshakeAllThreads (Deoptimize) done

Memory protections (0 events):
No events

Nmethod flushes (0 events):
No events

Events (18 events):
Event: 0.052 Thread 0x0000023934b49690 Thread added: 0x0000023934b49690
Event: 0.066 Thread 0x0000023934b49690 Thread added: 0x0000023950d88de0
Event: 0.066 Thread 0x0000023934b49690 Thread added: 0x0000023950d8a540
Event: 0.067 Thread 0x0000023934b49690 Thread added: 0x0000023950d8c1f0
Event: 0.067 Thread 0x0000023934b49690 Thread added: 0x0000023950d8ddc0
Event: 0.067 Thread 0x0000023934b49690 Thread added: 0x0000023950d8e980
Event: 0.067 Thread 0x0000023934b49690 Thread added: 0x0000023950d8f540
Event: 0.067 Thread 0x0000023934b49690 Thread added: 0x0000023950d90430
Event: 0.075 Thread 0x0000023934b49690 Thread added: 0x0000023950e0f300
Event: 0.302 Thread 0x0000023934b49690 Thread added: 0x00000239550445b0
Event: 0.336 Thread 0x0000023934b49690 Thread added: 0x000002395516b2f0
Event: 0.500 Thread 0x0000023934b49690 Thread added: 0x0000023955669f50
Event: 0.501 Thread 0x0000023934b49690 Thread added: 0x000002395566e720
Event: 0.502 Thread 0x0000023934b49690 Thread added: 0x000002395566eee0
Event: 0.628 Thread 0x0000023934b49690 Thread added: 0x00000239557b5ce0
Event: 0.816 Thread 0x0000023934b49690 Thread added: 0x000002395586d950
Event: 1.056 Thread 0x000002395586d950 Thread added: 0x000002395592fbd0
Event: 5.640 Thread 0x00000239557b5ce0 Thread exited: 0x00000239557b5ce0


Dynamic libraries:
0x00007ff688cb0000 - 0x00007ff688cbe000 	C:\Program Files\Apache NetBeans\jdk\bin\java.exe
0x00007ff992ce0000 - 0x00007ff992f47000 	C:\Windows\SYSTEM32\ntdll.dll
0x00007ff990c40000 - 0x00007ff990d09000 	C:\Windows\System32\KERNEL32.DLL
0x00007ff98f870000 - 0x00007ff98fc61000 	C:\Windows\System32\KERNELBASE.dll
0x00007ff98fc70000 - 0x00007ff98fdbb000 	C:\Windows\System32\ucrtbase.dll
0x00007ff933770000 - 0x00007ff933786000 	C:\Program Files\Apache NetBeans\jdk\bin\jli.dll
0x00007ff990d10000 - 0x00007ff990ed5000 	C:\Windows\System32\USER32.dll
0x00007ff990a50000 - 0x00007ff990a77000 	C:\Windows\System32\win32u.dll
0x00007ff990f80000 - 0x00007ff990fab000 	C:\Windows\System32\GDI32.dll
0x00007ff990920000 - 0x00007ff990a4b000 	C:\Windows\System32\gdi32full.dll
0x00007ff990870000 - 0x00007ff990913000 	C:\Windows\System32\msvcp_win.dll
0x00007ff96f170000 - 0x00007ff96f18e000 	C:\Program Files\Apache NetBeans\jdk\bin\VCRUNTIME140.dll
0x00007ff96d1e0000 - 0x00007ff96d473000 	C:\Windows\WinSxS\amd64_microsoft.windows.common-controls_6595b64144ccf1df_6.0.26100.8037_none_3e092faae333b53b\COMCTL32.dll
0x00007ff9910e0000 - 0x00007ff991189000 	C:\Windows\System32\msvcrt.dll
0x00007ff9914a0000 - 0x00007ff9914d1000 	C:\Windows\System32\IMM32.DLL
0x00007ff96ed00000 - 0x00007ff96ed0c000 	C:\Program Files\Apache NetBeans\jdk\bin\vcruntime140_1.dll
0x00007ff929dc0000 - 0x00007ff929e4d000 	C:\Program Files\Apache NetBeans\jdk\bin\msvcp140.dll
0x00007ff92a8a0000 - 0x00007ff92b7c6000 	C:\Program Files\Apache NetBeans\jdk\bin\server\jvm.dll
0x00007ff9912f0000 - 0x00007ff9913ab000 	C:\Windows\System32\ADVAPI32.dll
0x00007ff9927a0000 - 0x00007ff992847000 	C:\Windows\System32\sechost.dll
0x00007ff9928b0000 - 0x00007ff9929c8000 	C:\Windows\System32\RPCRT4.dll
0x00007ff991970000 - 0x00007ff9919e4000 	C:\Windows\System32\WS2_32.dll
0x00007ff98f440000 - 0x00007ff98f49e000 	C:\Windows\SYSTEM32\POWRPROF.dll
0x00007ff985e20000 - 0x00007ff985e55000 	C:\Windows\SYSTEM32\WINMM.dll
0x00007ff984d40000 - 0x00007ff984d4b000 	C:\Windows\SYSTEM32\VERSION.dll
0x00007ff98f420000 - 0x00007ff98f434000 	C:\Windows\SYSTEM32\UMPDC.dll
0x00007ff98e310000 - 0x00007ff98e32b000 	C:\Windows\SYSTEM32\kernel.appcore.dll
0x00007ff96b150000 - 0x00007ff96b15a000 	C:\Program Files\Apache NetBeans\jdk\bin\jimage.dll
0x00007ff982910000 - 0x00007ff982b52000 	C:\Windows\SYSTEM32\DBGHELP.DLL
0x00007ff9919f0000 - 0x00007ff991d72000 	C:\Windows\System32\combase.dll
0x00007ff9913c0000 - 0x00007ff991497000 	C:\Windows\System32\OLEAUT32.dll
0x00007ff984d50000 - 0x00007ff984d8b000 	C:\Windows\SYSTEM32\dbgcore.DLL
0x00007ff98f5c0000 - 0x00007ff98f665000 	C:\Windows\System32\bcryptPrimitives.dll
0x00007ff9633e0000 - 0x00007ff9633fe000 	C:\Program Files\Apache NetBeans\jdk\bin\java.dll
0x00007ff9925a0000 - 0x00007ff992735000 	C:\Windows\System32\ole32.dll
0x00007ff991da0000 - 0x00007ff9924ff000 	C:\Windows\System32\SHELL32.dll
0x00007ff98f670000 - 0x00007ff98f7da000 	C:\Windows\System32\wintypes.dll
0x00007ff98fdc0000 - 0x00007ff990624000 	C:\Windows\System32\windows.storage.dll
0x00007ff990fb0000 - 0x00007ff9910a7000 	C:\Windows\System32\SHCORE.dll
0x00007ff9929d0000 - 0x00007ff992a37000 	C:\Windows\System32\shlwapi.dll
0x00007ff98f4e0000 - 0x00007ff98f509000 	C:\Windows\SYSTEM32\profapi.dll
0x00007ff92b920000 - 0x00007ff92b931000 	C:\Program Files\Apache NetBeans\jdk\bin\net.dll
0x00007ff98e860000 - 0x00007ff98e8cb000 	C:\Windows\system32\mswsock.dll
0x00007ff92b900000 - 0x00007ff92b916000 	C:\Program Files\Apache NetBeans\jdk\bin\nio.dll
0x00007ff929e50000 - 0x00007ff929fd0000 	C:\Program Files\Apache NetBeans\jdk\bin\awt.dll
0x00007ff98cf60000 - 0x00007ff98cfff000 	C:\Windows\SYSTEM32\apphelp.dll
0x00007ff98d080000 - 0x00007ff98d12a000 	C:\Windows\system32\uxtheme.dll
0x00007ff991190000 - 0x00007ff9912ed000 	C:\Windows\System32\MSCTF.dll
0x00007ff98d2f0000 - 0x00007ff98d31e000 	C:\Windows\system32\DWMAPI.DLL
0x00007ff92e220000 - 0x00007ff92e237000 	C:\Program Files\Apache NetBeans\jdk\bin\zip.dll
0x00007ff929400000 - 0x00007ff929487000 	C:\Program Files\Apache NetBeans\jdk\bin\freetype.dll
0x00007ff929220000 - 0x00007ff92930f000 	C:\Program Files\Apache NetBeans\jdk\bin\fontmanager.dll
0x00007ff929c80000 - 0x00007ff929d8e000 	C:\Windows\system32\opengl32.dll
0x00007ff929c50000 - 0x00007ff929c7d000 	C:\Windows\SYSTEM32\GLU32.dll
0x00007ff98d430000 - 0x00007ff98d473000 	C:\Windows\SYSTEM32\dxcore.dll
0x00007ff98f130000 - 0x00007ff98f187000 	C:\Windows\SYSTEM32\cfgmgr32.dll
0x00007ff990a80000 - 0x00007ff990b2e000 	C:\Windows\System32\clbcatq.dll
0x00007ff98a920000 - 0x00007ff98ab4d000 	C:\Windows\SYSTEM32\WindowsCodecs.dll
0x00007ff966d20000 - 0x00007ff966d7a000 	C:\Windows\system32\dataexchange.dll
0x00007ff985310000 - 0x00007ff985554000 	C:\Windows\system32\twinapi.appcore.dll
0x00007ff97c200000 - 0x00007ff97c348000 	C:\Windows\SYSTEM32\textinputframework.dll
0x00007ff98c140000 - 0x00007ff98c267000 	C:\Windows\SYSTEM32\CoreMessaging.dll
0x00007ff988840000 - 0x00007ff988b22000 	C:\Windows\SYSTEM32\CoreUIComponents.dll
0x00007ff98ec40000 - 0x00007ff98ec4c000 	C:\Windows\SYSTEM32\CRYPTBASE.DLL

JVMTI agents: none

dbghelp: loaded successfully - version: 4.0.5 - missing functions: none
symbol engine: initialized successfully - sym options: 0x614 - pdb path: .;C:\Program Files\Apache NetBeans\jdk\bin;C:\Windows\SYSTEM32;C:\Windows\WinSxS\amd64_microsoft.windows.common-controls_6595b64144ccf1df_6.0.26100.8037_none_3e092faae333b53b;C:\Program Files\Apache NetBeans\jdk\bin\server

VM Arguments:
jvm_args: -Dfile.encoding=UTF-8 --module-path=C:\Users\lab_services_student\Documents\NetBeansProjects\Login\build\classes 
java_command: Main
java_class_path (initial): C:\Users\lab_services_student\Documents\NetBeansProjects\Login\build\classes
Launcher Type: SUN_STANDARD

[Global flags]
     intx CICompilerCount                          = 2                                         {product} {ergonomic}
     uint ConcGCThreads                            = 1                                         {product} {ergonomic}
     uint G1ConcRefinementThreads                  = 2                                         {product} {ergonomic}
   size_t G1HeapRegionSize                         = 1048576                                   {product} {ergonomic}
   size_t InitialHeapSize                          = 134217728                                 {product} {ergonomic}
   size_t MarkStackSize                            = 4194304                                   {product} {ergonomic}
   size_t MarkStackSizeMax                         = 536870912                                 {product} {ergonomic}
   size_t MaxHeapSize                              = 2147483648                                {product} {ergonomic}
   size_t MaxNewSize                               = 1287651328                                {product} {ergonomic}
   size_t MinHeapDeltaBytes                        = 1048576                                   {product} {ergonomic}
   size_t MinHeapSize                              = 8388608                                   {product} {ergonomic}
    uintx NonNMethodCodeHeapSize                   = 5767168                                {pd product} {ergonomic}
    uintx NonProfiledCodeHeapSize                  = 123011072                              {pd product} {ergonomic}
    uintx ProfiledCodeHeapSize                     = 122880000                              {pd product} {ergonomic}
    uintx ReservedCodeCacheSize                    = 251658240                              {pd product} {ergonomic}
     bool SegmentedCodeCache                       = true                                      {product} {ergonomic}
   size_t SoftMaxHeapSize                          = 2147483648                             {manageable} {ergonomic}
     bool UseCompressedOops                        = true                           {product lp64_product} {ergonomic}
     bool UseG1GC                                  = true                                      {product} {ergonomic}
     bool UseLargePagesIndividualAllocation        = false                                  {pd product} {ergonomic}

Logging:
Log output configuration:
 #0: stdout all=warning uptime,level,tags foldmultilines=false
 #1: stderr all=off uptime,level,tags foldmultilines=false

Release file:
IMPLEMENTOR="Eclipse Adoptium" 
IMPLEMENTOR_VERSION="Temurin-25.0.1+8" 
JAVA_RUNTIME_VERSION="25.0.1+8-LTS" 
JAVA_VERSION="25.0.1" 
JAVA_VERSION_DATE="2025-10-21" 
LIBC="default" 
MODULES="java.base java.compiler java.datatransfer java.xml java.prefs java.desktop java.instrument java.logging java.management java.security.sasl java.naming java.rmi java.management.rmi java.net.http java.scripting java.security.jgss java.transaction.xa java.sql java.sql.rowset java.xml.crypto java.se java.smartcardio jdk.accessibility jdk.internal.jvmstat jdk.attach jdk.charsets jdk.internal.opt jdk.zipfs jdk.compiler jdk.crypto.cryptoki jdk.crypto.ec jdk.crypto.mscapi jdk.dynalink jdk.internal.ed jdk.editpad jdk.internal.vm.ci jdk.graal.compiler jdk.graal.compiler.management jdk.hotspot.agent jdk.httpserver jdk.incubator.vector jdk.internal.le jdk.internal.md jdk.jartool jdk.javadoc jdk.jcmd jdk.management jdk.management.agent jdk.jconsole jdk.jdeps jdk.jdwp.agent jdk.jdi jdk.jfr jdk.jlink jdk.jpackage jdk.jshell jdk.jsobject jdk.jstatd jdk.localedata jdk.management.jfr jdk.naming.dns jdk.naming.rmi jdk.net jdk.nio.mapmode jdk.sctp jdk.security.auth jdk.security.jgss jdk.unsupported jdk.unsupported.desktop jdk.xml.dom" 
OS_ARCH="x86_64" 
OS_NAME="Windows" 
SOURCE=".:git:61d6a2c1b35e" 
BUILD_SOURCE="git:839fa0b45d809157cffd3dc8515aad262a4a1776"
BUILD_SOURCE_REPO="https://github.com/adoptium/temurin-build.git"
SOURCE_REPO="https://github.com/adoptium/jdk25u.git"
FULL_VERSION="25.0.1+8-LTS"
SEMANTIC_VERSION="25.0.1+8"
BUILD_INFO="OS: Windows Server 2022 Version: 10.0"
JVM_VARIANT="Hotspot"
JVM_VERSION="25.0.1+8-LTS"
IMAGE_TYPE="JDK"

Environment Variables:
PATH=C:\Program Files (x86)\Microsoft SDKs\Azure\CLI2\wbin;C:\Windows\system32;C:\Windows;C:\Windows\System32\Wbem;C:\Windows\System32\WindowsPowerShell\v1.0\;C:\Windows\System32\OpenSSH\;C:\Program Files\GitHub CLI\;C:\Users\vmadmin\AppData\Local\Microsoft\WindowsApps;C:\Program Files\Azure Dev CLI;C:\Program Files\PowerShell\7\;C:\ProgramData\chocolatey\bin;C:\Program Files\Git\cmd;C:\Users\lab_services_student\AppData\Local\Microsoft\WindowsApps;C:\Users\lab_services_student\AppData\Local\GitHubDesktop\bin;C:\tools\mysql\current\bin;C:\ProgramData\lab_services_student\GitHubDesktop\bin
USERNAME=lab_services_student
OS=Windows_NT
PROCESSOR_IDENTIFIER=Intel64 Family 6 Model 106 Stepping 6, GenuineIntel
TMP=C:\Users\LAB_SE~1\AppData\Local\Temp
TEMP=C:\Users\LAB_SE~1\AppData\Local\Temp




Compilation memory statistics disabled.

Periodic native trim disabled

---------------  S Y S T E M  ---------------

OS:
 Windows 11 , 64 bit Build 26100 (10.0.26100.7920)
OS uptime: 0 days 3:22 hours
Hyper-V virtualization detected

CPU: total 2 (initial active 2) (1 cores per cpu, 2 threads per core) family 6 model 106 stepping 6 microcode 0xffffffff, cx8, cmov, fxsr, ht, mmx, 3dnowpref, sse, sse2, sse3, ssse3, sse4.1, sse4.2, popcnt, lzcnt, tsc, tscinvbit, avx, avx2, aes, erms, clmul, bmi1, bmi2, rtm, adx, avx512f, avx512dq, avx512cd, avx512bw, avx512vl, sha, fma, vzeroupper, avx512_vpopcntdq, avx512_vpclmulqdq, avx512_vaes, avx512_vnni, clflush, clflushopt, clwb, avx512_vbmi2, avx512_vbmi, hv, rdtscp, rdpid, fsrm, gfni, avx512_bitalg, f16c, avx512_ifma
Processor Information for the first 2 processors :
  Max Mhz: 2793, Current Mhz: 2793, Mhz Limit: 2793

Memory: 4k page, system-wide physical 8186M (3521M free)
TotalPageFile size 9466M (AvailPageFile size 3786M)
current process WorkingSet (physical memory assigned to process): 75M, peak: 78M
current process commit charge ("private bytes"): 215M, peak: 219M

vm_info: OpenJDK 64-Bit Server VM (25.0.1+8-LTS) for windows-amd64 JRE (25.0.1+8-LTS), built on 2025-10-21T00:00:00Z with unknown MS VC++:1942

END.
